2023-11-18T21:04:43.362Z - {"id":1,"fuel":3000,"altitude":0,"status":"Rocket on internal power","speed":0,"v0":0,"s0":0,"a":0,"time":0}
2023-11-18T21:04:43.953Z - {"id":1,"fuel":3000,"altitude":0,"status":"Startup","speed":0,"v0":0,"s0":0,"a":0,"time":0}
2023-11-18T21:04:43.985Z - {"id":1,"fuel":3000,"altitude":0,"status":"Rocket preparation","speed":0,"v0":0,"s0":0,"a":0,"time":0}
2023-11-18T21:04:46.690Z - {"id":1,"fuel":3000,"altitude":0,"status":"Main engine start","speed":0,"v0":0,"s0":0,"a":0,"time":0}
2023-11-18T21:04:46.960Z - {"id":1,"fuel":3000,"altitude":0,"status":"Main engine start","speed":0,"v0":0,"s0":0,"a":0,"time":0}
2023-11-18T21:04:46.994Z - {"id":1,"fuel":3000,"altitude":0,"status":"Liftoff","speed":0,"v0":0,"s0":0,"a":11.77,"time":0}
2023-11-18T21:04:47.988Z - {"id":1,"fuel":3000,"altitude":14.715,"status":"In flight","speed":29.43,"v0":0,"s0":0,"a":29.43,"time":1}
2023-11-18T21:04:49.023Z - {"id":1,"fuel":3000,"altitude":58.86,"status":"In flight","speed":58.86,"v0":0,"s0":0,"a":29.43,"time":2}
2023-11-18T21:04:49.958Z - {"id":1,"fuel":3000,"altitude":132.435,"status":"In flight","speed":88.28999999999999,"v0":0,"s0":0,"a":29.43,"time":3}
2023-11-18T21:04:51.027Z - {"id":1,"fuel":3000,"altitude":235.44,"status":"In flight","speed":117.72,"v0":0,"s0":0,"a":29.43,"time":4}
2023-11-18T21:04:52.026Z - {"id":1,"fuel":3000,"altitude":367.875,"status":"In flight","speed":147.15,"v0":0,"s0":0,"a":29.43,"time":5}
2023-11-18T21:04:53.005Z - {"id":1,"fuel":3000,"altitude":529.74,"status":"In flight","speed":176.57999999999998,"v0":0,"s0":0,"a":29.43,"time":6}
2023-11-18T21:04:53.992Z - {"id":1,"fuel":3000,"altitude":721.035,"status":"In flight","speed":206.01,"v0":0,"s0":0,"a":29.43,"time":7}
2023-11-18T21:04:55.051Z - {"id":1,"fuel":3000,"altitude":941.76,"status":"In flight","speed":235.44,"v0":0,"s0":0,"a":29.43,"time":8}
2023-11-18T21:04:56.047Z - {"id":1,"fuel":3000,"altitude":1191.915,"status":"In flight","speed":264.87,"v0":0,"s0":0,"a":29.43,"time":9}
2023-11-18T21:04:57.043Z - {"id":1,"fuel":3000,"altitude":1471.5,"status":"In flight","speed":294.3,"v0":0,"s0":0,"a":29.43,"time":10}
2023-11-18T21:04:58.080Z - {"id":1,"fuel":3000,"altitude":1780.515,"status":"In flight","speed":323.73,"v0":0,"s0":0,"a":29.43,"time":11}
2023-11-18T21:04:59.050Z - {"id":1,"fuel":3000,"altitude":2118.96,"status":"In flight","speed":353.15999999999997,"v0":0,"s0":0,"a":29.43,"time":12}
2023-11-18T21:05:00.035Z - {"id":1,"fuel":3000,"altitude":2486.835,"status":"In flight","speed":382.59,"v0":0,"s0":0,"a":29.43,"time":13}
2023-11-18T21:05:01.030Z - {"id":1,"fuel":3000,"altitude":2884.14,"status":"In flight","speed":412.02,"v0":0,"s0":0,"a":29.43,"time":14}
2023-11-18T21:05:02.022Z - {"id":1,"fuel":3000,"altitude":3310.875,"status":"In flight","speed":441.45,"v0":0,"s0":0,"a":29.43,"time":15}
2023-11-18T21:05:03.053Z - {"id":1,"fuel":3000,"altitude":3767.04,"status":"In flight","speed":470.88,"v0":0,"s0":0,"a":29.43,"time":16}
2023-11-18T21:05:03.983Z - {"id":1,"fuel":3000,"altitude":4252.635,"status":"In flight","speed":500.31,"v0":0,"s0":0,"a":29.43,"time":17}
2023-11-18T21:05:05.079Z - {"id":1,"fuel":3000,"altitude":4767.66,"status":"In flight","speed":529.74,"v0":0,"s0":0,"a":29.43,"time":18}
2023-11-18T21:05:06.093Z - {"id":1,"fuel":3000,"altitude":5312.115,"status":"In flight","speed":559.17,"v0":0,"s0":0,"a":29.43,"time":19}
2023-11-18T21:05:07.036Z - {"id":1,"fuel":3000,"altitude":5886,"status":"In flight","speed":588.6,"v0":0,"s0":0,"a":29.43,"time":20}
2023-11-18T21:05:08.028Z - {"id":1,"fuel":3000,"altitude":6489.315,"status":"In flight","speed":618.03,"v0":0,"s0":0,"a":29.43,"time":21}
2023-11-18T21:05:09.055Z - {"id":1,"fuel":3000,"altitude":7122.06,"status":"In flight","speed":647.46,"v0":0,"s0":0,"a":29.43,"time":22}
2023-11-18T21:05:10.122Z - {"id":1,"fuel":3000,"altitude":7784.235,"status":"In flight","speed":676.89,"v0":0,"s0":0,"a":29.43,"time":23}
2023-11-18T21:05:10.998Z - {"id":1,"fuel":3000,"altitude":8475.84,"status":"In flight","speed":706.3199999999999,"v0":0,"s0":0,"a":29.43,"time":24}
2023-11-18T21:05:12.082Z - {"id":1,"fuel":3000,"altitude":9196.875,"status":"In flight","speed":735.75,"v0":0,"s0":0,"a":29.43,"time":25}
2023-11-18T21:05:13.022Z - {"id":1,"fuel":3000,"altitude":9947.34,"status":"In flight","speed":765.18,"v0":0,"s0":0,"a":29.43,"time":26}
2023-11-18T21:05:14.069Z - {"id":1,"fuel":3000,"altitude":10727.235,"status":"In flight","speed":794.61,"v0":0,"s0":0,"a":29.43,"time":27}
2023-11-18T21:05:15.154Z - {"id":1,"fuel":3000,"altitude":11536.56,"status":"In flight","speed":824.04,"v0":0,"s0":0,"a":29.43,"time":28}
2023-11-18T21:05:16.037Z - {"id":1,"fuel":3000,"altitude":12375.315,"status":"In flight","speed":853.47,"v0":0,"s0":0,"a":29.43,"time":29}
2023-11-18T21:05:16.997Z - {"id":1,"fuel":3000,"altitude":13243.5,"status":"In flight","speed":882.9,"v0":0,"s0":0,"a":29.43,"time":30}
2023-11-18T21:05:18.099Z - {"id":1,"fuel":3000,"altitude":14141.115,"status":"In flight","speed":912.33,"v0":0,"s0":0,"a":29.43,"time":31}
2023-11-18T21:05:19.098Z - {"id":1,"fuel":3000,"altitude":15068.16,"status":"In flight","speed":941.76,"v0":0,"s0":0,"a":29.43,"time":32}
2023-11-18T21:05:20.070Z - {"id":1,"fuel":3000,"altitude":16024.634999999998,"status":"In flight","speed":971.1899999999999,"v0":0,"s0":0,"a":29.43,"time":33}
2023-11-18T21:05:21.028Z - {"id":1,"fuel":3000,"altitude":17010.54,"status":"In flight","speed":1000.62,"v0":0,"s0":0,"a":29.43,"time":34}
2023-11-18T21:05:22.088Z - {"id":1,"fuel":3000,"altitude":18025.875,"status":"In flight","speed":1030.05,"v0":0,"s0":0,"a":29.43,"time":35}
2023-11-18T21:05:23.110Z - {"id":1,"fuel":3000,"altitude":19070.64,"status":"In flight","speed":1059.48,"v0":0,"s0":0,"a":29.43,"time":36}
2023-11-18T21:05:24.028Z - {"id":1,"fuel":3000,"altitude":20144.835000000003,"status":"In flight","speed":1088.91,"v0":0,"s0":0,"a":29.43,"time":37}
2023-11-18T21:05:25.083Z - {"id":1,"fuel":3000,"altitude":21248.46,"status":"In flight","speed":1118.34,"v0":0,"s0":0,"a":29.43,"time":38}
2023-11-18T21:05:26.029Z - {"id":1,"fuel":3000,"altitude":22381.515,"status":"In flight","speed":1147.77,"v0":0,"s0":0,"a":29.43,"time":39}
2023-11-18T21:05:27.154Z - {"id":1,"fuel":3000,"altitude":23544,"status":"In flight","speed":1177.2,"v0":0,"s0":0,"a":29.43,"time":40}
2023-11-18T21:05:28.165Z - {"id":1,"fuel":3000,"altitude":24735.914999999997,"status":"In flight","speed":1206.6299999999999,"v0":0,"s0":0,"a":29.43,"time":41}
2023-11-18T21:05:29.108Z - {"id":1,"fuel":3000,"altitude":25957.26,"status":"In flight","speed":1236.06,"v0":0,"s0":0,"a":29.43,"time":42}
2023-11-18T21:05:30.033Z - {"id":1,"fuel":3000,"altitude":27208.035,"status":"In flight","speed":1265.49,"v0":0,"s0":0,"a":29.43,"time":43}
2023-11-18T21:05:31.006Z - {"id":1,"fuel":3000,"altitude":28488.24,"status":"In flight","speed":1294.92,"v0":0,"s0":0,"a":29.43,"time":44}
2023-11-18T21:05:32.049Z - {"id":1,"fuel":3000,"altitude":29797.874999999996,"status":"In flight","speed":1324.35,"v0":0,"s0":0,"a":29.43,"time":45}
2023-11-18T21:05:33.091Z - {"id":1,"fuel":3000,"altitude":31136.94,"status":"In flight","speed":1353.78,"v0":0,"s0":0,"a":29.43,"time":46}
2023-11-18T21:05:34.182Z - {"id":1,"fuel":3000,"altitude":32505.435,"status":"In flight","speed":1383.21,"v0":0,"s0":0,"a":29.43,"time":47}
2023-11-18T21:05:35.136Z - {"id":1,"fuel":3000,"altitude":33903.36,"status":"In flight","speed":1412.6399999999999,"v0":0,"s0":0,"a":29.43,"time":48}
2023-11-18T21:05:36.043Z - {"id":1,"fuel":3000,"altitude":35330.715,"status":"In flight","speed":1442.07,"v0":0,"s0":0,"a":29.43,"time":49}
2023-11-18T21:05:36.992Z - {"id":1,"fuel":3000,"altitude":36787.5,"status":"In flight","speed":1471.5,"v0":0,"s0":0,"a":29.43,"time":50}
2023-11-18T21:05:38.028Z - {"id":1,"fuel":3000,"altitude":38273.715000000004,"status":"In flight","speed":1500.93,"v0":0,"s0":0,"a":29.43,"time":51}
2023-11-18T21:05:38.993Z - {"id":1,"fuel":3000,"altitude":39789.36,"status":"In flight","speed":1530.36,"v0":0,"s0":0,"a":29.43,"time":52}
2023-11-18T21:05:40.049Z - {"id":1,"fuel":3000,"altitude":41334.435,"status":"In flight","speed":1559.79,"v0":0,"s0":0,"a":29.43,"time":53}
2023-11-18T21:05:41.028Z - {"id":1,"fuel":3000,"altitude":42908.94,"status":"In flight","speed":1589.22,"v0":0,"s0":0,"a":29.43,"time":54}
2023-11-18T21:05:42.121Z - {"id":1,"fuel":3000,"altitude":44512.875,"status":"In flight","speed":1618.65,"v0":0,"s0":0,"a":29.43,"time":55}
2023-11-18T21:05:43.036Z - {"id":1,"fuel":3000,"altitude":46146.24,"status":"In flight","speed":1648.08,"v0":0,"s0":0,"a":29.43,"time":56}
2023-11-18T21:05:44.083Z - {"id":1,"fuel":3000,"altitude":47809.034999999996,"status":"In flight","speed":1677.51,"v0":0,"s0":0,"a":29.43,"time":57}
2023-11-18T21:05:45.058Z - {"id":1,"fuel":3000,"altitude":49501.26,"status":"In flight","speed":1706.94,"v0":0,"s0":0,"a":29.43,"time":58}
2023-11-18T21:05:46.030Z - {"id":1,"fuel":3000,"altitude":51222.91499999999,"status":"In flight","speed":1736.37,"v0":0,"s0":0,"a":29.43,"time":59}
2023-11-18T21:05:47.050Z - {"id":1,"fuel":3000,"altitude":52974,"status":"In flight","speed":1765.8,"v0":0,"s0":0,"a":29.43,"time":60}
2023-11-18T21:05:48.025Z - {"id":1,"fuel":3000,"altitude":54754.515,"status":"In flight","speed":1795.23,"v0":0,"s0":0,"a":29.43,"time":61}
2023-11-18T21:05:49.123Z - {"id":1,"fuel":3000,"altitude":56564.46,"status":"In flight","speed":1824.66,"v0":0,"s0":0,"a":29.43,"time":62}
2023-11-18T21:05:50.034Z - {"id":1,"fuel":3000,"altitude":58403.835,"status":"In flight","speed":1854.09,"v0":0,"s0":0,"a":29.43,"time":63}
2023-11-18T21:05:51.074Z - {"id":1,"fuel":3000,"altitude":0,"status":"Main engine cut-off","speed":0,"v0":0,"s0":0,"a":0,"time":63}
2023-11-18T21:05:51.686Z - undefined
2023-11-18T21:05:51.935Z - {"id":1,"fuel":3000,"altitude":60272.64,"status":"In flight","speed":1883.52,"v0":0,"s0":0,"a":29.43,"time":64}
2023-11-18T21:23:23.147Z - {"id":1,"fuel":3000,"altitude":0,"status":"Rocket preparation","speed":0,"v0":0,"s0":0,"a":0,"time":0}
2023-11-18T21:23:23.419Z - {"id":1,"fuel":3000,"altitude":0,"status":"Startup","speed":0,"v0":0,"s0":0,"a":0,"time":0}
2023-11-18T21:23:24.480Z - {"id":1,"fuel":3000,"altitude":0,"status":"Rocket on internal power","speed":0,"v0":0,"s0":0,"a":0,"time":0}
2023-11-18T21:23:26.163Z - {"id":1,"fuel":3000,"altitude":0,"status":"Main engine start","speed":0,"v0":0,"s0":0,"a":0,"time":0}
2023-11-18T21:23:26.181Z - {"id":1,"fuel":3000,"altitude":0,"status":"Liftoff","speed":0,"v0":0,"s0":0,"a":11.77,"time":0}
2023-11-18T21:23:26.552Z - {"id":1,"fuel":3000,"altitude":0,"status":"Main engine start","speed":0,"v0":0,"s0":0,"a":0,"time":0}
2023-11-18T21:23:27.597Z - {"id":1,"fuel":3000,"altitude":14.715,"status":"In flight","speed":29.43,"v0":0,"s0":0,"a":29.43,"time":1}
2023-11-18T21:23:28.504Z - {"id":1,"fuel":3000,"altitude":58.86,"status":"In flight","speed":58.86,"v0":0,"s0":0,"a":29.43,"time":2}
2023-11-18T21:23:29.489Z - {"id":1,"fuel":3000,"altitude":132.435,"status":"In flight","speed":88.28999999999999,"v0":0,"s0":0,"a":29.43,"time":3}
2023-11-18T21:23:30.500Z - {"id":1,"fuel":3000,"altitude":235.44,"status":"In flight","speed":117.72,"v0":0,"s0":0,"a":29.43,"time":4}
2023-11-18T21:23:31.438Z - {"id":1,"fuel":3000,"altitude":367.875,"status":"In flight","speed":147.15,"v0":0,"s0":0,"a":29.43,"time":5}
2023-11-18T21:23:32.484Z - {"id":1,"fuel":3000,"altitude":529.74,"status":"In flight","speed":176.57999999999998,"v0":0,"s0":0,"a":29.43,"time":6}
2023-11-18T21:23:33.473Z - {"id":1,"fuel":3000,"altitude":721.035,"status":"In flight","speed":206.01,"v0":0,"s0":0,"a":29.43,"time":7}
2023-11-18T21:23:34.487Z - {"id":1,"fuel":3000,"altitude":941.76,"status":"In flight","speed":235.44,"v0":0,"s0":0,"a":29.43,"time":8}
2023-11-18T21:23:35.495Z - {"id":1,"fuel":3000,"altitude":1191.915,"status":"In flight","speed":264.87,"v0":0,"s0":0,"a":29.43,"time":9}
2023-11-18T21:23:36.492Z - {"id":1,"fuel":3000,"altitude":1471.5,"status":"In flight","speed":294.3,"v0":0,"s0":0,"a":29.43,"time":10}
2023-11-18T21:23:37.576Z - {"id":1,"fuel":3000,"altitude":1780.515,"status":"In flight","speed":323.73,"v0":0,"s0":0,"a":29.43,"time":11}
2023-11-18T21:23:38.496Z - {"id":1,"fuel":3000,"altitude":2118.96,"status":"In flight","speed":353.15999999999997,"v0":0,"s0":0,"a":29.43,"time":12}
2023-11-18T21:23:39.492Z - {"id":1,"fuel":3000,"altitude":2486.835,"status":"In flight","speed":382.59,"v0":0,"s0":0,"a":29.43,"time":13}
2023-11-18T21:23:40.423Z - {"id":1,"fuel":3000,"altitude":2884.14,"status":"In flight","speed":412.02,"v0":0,"s0":0,"a":29.43,"time":14}
2023-11-18T21:23:41.460Z - {"id":1,"fuel":3000,"altitude":3310.875,"status":"In flight","speed":441.45,"v0":0,"s0":0,"a":29.43,"time":15}
2023-11-18T21:23:42.497Z - {"id":1,"fuel":3000,"altitude":3767.04,"status":"In flight","speed":470.88,"v0":0,"s0":0,"a":29.43,"time":16}
2023-11-18T21:23:43.490Z - {"id":1,"fuel":3000,"altitude":4252.635,"status":"In flight","speed":500.31,"v0":0,"s0":0,"a":29.43,"time":17}
2023-11-18T21:23:44.572Z - {"id":1,"fuel":3000,"altitude":4767.66,"status":"In flight","speed":529.74,"v0":0,"s0":0,"a":29.43,"time":18}
2023-11-18T21:23:45.458Z - {"id":1,"fuel":3000,"altitude":5312.115,"status":"In flight","speed":559.17,"v0":0,"s0":0,"a":29.43,"time":19}
2023-11-18T21:23:46.552Z - {"id":1,"fuel":3000,"altitude":5886,"status":"In flight","speed":588.6,"v0":0,"s0":0,"a":29.43,"time":20}
2023-11-18T21:23:47.535Z - {"id":1,"fuel":3000,"altitude":6489.315,"status":"In flight","speed":618.03,"v0":0,"s0":0,"a":29.43,"time":21}
2023-11-18T21:23:48.541Z - {"id":1,"fuel":3000,"altitude":7122.06,"status":"In flight","speed":647.46,"v0":0,"s0":0,"a":29.43,"time":22}
2023-11-18T21:23:49.450Z - {"id":1,"fuel":3000,"altitude":7784.235,"status":"In flight","speed":676.89,"v0":0,"s0":0,"a":29.43,"time":23}
2023-11-18T21:23:50.523Z - {"id":1,"fuel":3000,"altitude":8475.84,"status":"In flight","speed":706.3199999999999,"v0":0,"s0":0,"a":29.43,"time":24}
2023-11-18T21:23:51.499Z - {"id":1,"fuel":3000,"altitude":9196.875,"status":"In flight","speed":735.75,"v0":0,"s0":0,"a":29.43,"time":25}
2023-11-18T21:23:52.490Z - {"id":1,"fuel":3000,"altitude":9947.34,"status":"In flight","speed":765.18,"v0":0,"s0":0,"a":29.43,"time":26}
2023-11-18T21:23:53.506Z - {"id":1,"fuel":3000,"altitude":10727.235,"status":"In flight","speed":794.61,"v0":0,"s0":0,"a":29.43,"time":27}
2023-11-18T21:23:54.501Z - {"id":1,"fuel":3000,"altitude":11536.56,"status":"In flight","speed":824.04,"v0":0,"s0":0,"a":29.43,"time":28}
2023-11-18T21:23:55.519Z - {"id":1,"fuel":3000,"altitude":12375.315,"status":"In flight","speed":853.47,"v0":0,"s0":0,"a":29.43,"time":29}
2023-11-18T21:23:56.508Z - {"id":1,"fuel":3000,"altitude":13243.5,"status":"In flight","speed":882.9,"v0":0,"s0":0,"a":29.43,"time":30}
2023-11-18T21:23:57.452Z - {"id":1,"fuel":3000,"altitude":14141.115,"status":"In flight","speed":912.33,"v0":0,"s0":0,"a":29.43,"time":31}
2023-11-18T21:23:58.608Z - {"id":1,"fuel":3000,"altitude":15068.16,"status":"In flight","speed":941.76,"v0":0,"s0":0,"a":29.43,"time":32}
2023-11-18T21:23:59.501Z - {"id":1,"fuel":3000,"altitude":16024.634999999998,"status":"In flight","speed":971.1899999999999,"v0":0,"s0":0,"a":29.43,"time":33}
2023-11-18T21:24:00.506Z - {"id":1,"fuel":3000,"altitude":17010.54,"status":"In flight","speed":1000.62,"v0":0,"s0":0,"a":29.43,"time":34}
2023-11-18T21:24:01.580Z - {"id":1,"fuel":3000,"altitude":18025.875,"status":"In flight","speed":1030.05,"v0":0,"s0":0,"a":29.43,"time":35}
2023-11-18T21:24:02.492Z - {"id":1,"fuel":3000,"altitude":19070.64,"status":"In flight","speed":1059.48,"v0":0,"s0":0,"a":29.43,"time":36}
2023-11-18T21:24:03.473Z - {"id":1,"fuel":3000,"altitude":20144.835000000003,"status":"In flight","speed":1088.91,"v0":0,"s0":0,"a":29.43,"time":37}
2023-11-18T21:24:04.508Z - {"id":1,"fuel":3000,"altitude":21248.46,"status":"In flight","speed":1118.34,"v0":0,"s0":0,"a":29.43,"time":38}
2023-11-18T21:24:05.432Z - {"id":1,"fuel":3000,"altitude":22381.515,"status":"In flight","speed":1147.77,"v0":0,"s0":0,"a":29.43,"time":39}
2023-11-18T21:24:06.432Z - {"id":1,"fuel":3000,"altitude":23544,"status":"In flight","speed":1177.2,"v0":0,"s0":0,"a":29.43,"time":40}
2023-11-18T21:24:07.546Z - {"id":1,"fuel":3000,"altitude":24735.914999999997,"status":"In flight","speed":1206.6299999999999,"v0":0,"s0":0,"a":29.43,"time":41}
2023-11-18T21:24:08.412Z - {"id":1,"fuel":3000,"altitude":25957.26,"status":"In flight","speed":1236.06,"v0":0,"s0":0,"a":29.43,"time":42}
2023-11-18T21:24:09.427Z - {"id":1,"fuel":3000,"altitude":27208.035,"status":"In flight","speed":1265.49,"v0":0,"s0":0,"a":29.43,"time":43}
2023-11-18T21:24:10.486Z - {"id":1,"fuel":3000,"altitude":28488.24,"status":"In flight","speed":1294.92,"v0":0,"s0":0,"a":29.43,"time":44}
2023-11-18T21:24:11.535Z - {"id":1,"fuel":3000,"altitude":29797.874999999996,"status":"In flight","speed":1324.35,"v0":0,"s0":0,"a":29.43,"time":45}
2023-11-18T21:24:12.495Z - {"id":1,"fuel":3000,"altitude":31136.94,"status":"In flight","speed":1353.78,"v0":0,"s0":0,"a":29.43,"time":46}
2023-11-18T21:24:13.558Z - {"id":1,"fuel":3000,"altitude":32505.435,"status":"In flight","speed":1383.21,"v0":0,"s0":0,"a":29.43,"time":47}
2023-11-18T21:24:14.501Z - {"id":1,"fuel":3000,"altitude":33903.36,"status":"In flight","speed":1412.6399999999999,"v0":0,"s0":0,"a":29.43,"time":48}
2023-11-18T21:24:15.494Z - {"id":1,"fuel":3000,"altitude":35330.715,"status":"In flight","speed":1442.07,"v0":0,"s0":0,"a":29.43,"time":49}
2023-11-18T21:24:16.617Z - {"id":1,"fuel":3000,"altitude":36787.5,"status":"In flight","speed":1471.5,"v0":0,"s0":0,"a":29.43,"time":50}
2023-11-18T21:24:17.508Z - {"id":1,"fuel":3000,"altitude":38273.715000000004,"status":"In flight","speed":1500.93,"v0":0,"s0":0,"a":29.43,"time":51}
2023-11-18T21:24:18.442Z - {"id":1,"fuel":3000,"altitude":39789.36,"status":"In flight","speed":1530.36,"v0":0,"s0":0,"a":29.43,"time":52}
2023-11-18T21:24:19.533Z - {"id":1,"fuel":3000,"altitude":41334.435,"status":"In flight","speed":1559.79,"v0":0,"s0":0,"a":29.43,"time":53}
2023-11-18T21:24:20.477Z - {"id":1,"fuel":3000,"altitude":42908.94,"status":"In flight","speed":1589.22,"v0":0,"s0":0,"a":29.43,"time":54}
2023-11-18T21:24:21.451Z - {"id":1,"fuel":3000,"altitude":44512.875,"status":"In flight","speed":1618.65,"v0":0,"s0":0,"a":29.43,"time":55}
2023-11-18T21:24:22.461Z - {"id":1,"fuel":3000,"altitude":46146.24,"status":"In flight","speed":1648.08,"v0":0,"s0":0,"a":29.43,"time":56}
2023-11-18T21:24:23.532Z - {"id":1,"fuel":3000,"altitude":47809.034999999996,"status":"In flight","speed":1677.51,"v0":0,"s0":0,"a":29.43,"time":57}
2023-11-18T21:24:24.493Z - {"id":1,"fuel":3000,"altitude":49501.26,"status":"In flight","speed":1706.94,"v0":0,"s0":0,"a":29.43,"time":58}
2023-11-18T21:24:25.562Z - {"id":1,"fuel":3000,"altitude":51222.91499999999,"status":"In flight","speed":1736.37,"v0":0,"s0":0,"a":29.43,"time":59}
2023-11-18T21:24:26.569Z - {"id":1,"fuel":3000,"altitude":52974,"status":"In flight","speed":1765.8,"v0":0,"s0":0,"a":29.43,"time":60}
2023-11-18T21:24:27.476Z - {"id":1,"fuel":3000,"altitude":54754.515,"status":"In flight","speed":1795.23,"v0":0,"s0":0,"a":29.43,"time":61}
2023-11-18T21:24:28.562Z - {"id":1,"fuel":3000,"altitude":56564.46,"status":"In flight","speed":1824.66,"v0":0,"s0":0,"a":29.43,"time":62}
2023-11-18T21:24:29.540Z - {"id":1,"fuel":3000,"altitude":58403.835,"status":"In flight","speed":1854.09,"v0":0,"s0":0,"a":29.43,"time":63}
2023-11-18T21:24:30.490Z - {"id":1,"fuel":3000,"altitude":60272.64,"status":"In flight","speed":1883.52,"v0":0,"s0":0,"a":29.43,"time":64}
2023-11-18T21:24:30.604Z - {"id":1,"fuel":3000,"altitude":0,"status":"Main engine cut-off","speed":0,"v0":0,"s0":0,"a":0,"time":63}
2023-11-18T21:24:31.450Z - undefined
2023-11-18T21:24:32.043Z - {"id":1,"fuel":3000,"altitude":0,"status":"Main engine cut-off","speed":0,"v0":0,"s0":0,"a":0,"time":64}
2023-11-18T21:24:32.811Z - undefined
2023-11-18T21:24:33.077Z - undefined
