2023-11-18T19:52:28.202Z - "Rocket on internal power"
2023-11-18T19:52:28.815Z - "Rocket preparation"
2023-11-18T19:52:28.834Z - "Startup"
2023-11-18T19:52:31.817Z - "Main engine start"
2023-11-18T19:52:31.835Z - "Liftoff"
2023-11-18T19:52:32.845Z - "In flight"
2023-11-18T19:52:33.896Z - "In flight"
2023-11-18T19:52:34.837Z - "In flight"
2023-11-18T19:52:35.907Z - "In flight"
2023-11-18T19:52:36.916Z - "In flight"
2023-11-18T19:52:37.868Z - "In flight"
2023-11-18T19:52:38.880Z - "In flight"
2023-11-18T19:52:39.847Z - "In flight"
2023-11-18T19:52:40.823Z - "In flight"
2023-11-18T19:52:41.936Z - "In flight"
2023-11-18T19:52:42.820Z - "In flight"
2023-11-18T19:52:43.884Z - "In flight"
2023-11-18T19:52:44.853Z - "In flight"
2023-11-18T19:52:45.842Z - "In flight"
2023-11-18T19:52:46.956Z - "In flight"
2023-11-18T19:52:47.911Z - "In flight"
2023-11-18T19:52:48.857Z - "In flight"
2023-11-18T19:52:49.824Z - "In flight"
2023-11-18T19:52:50.865Z - "In flight"
2023-11-18T19:52:51.956Z - "In flight"
2023-11-18T19:52:52.847Z - "In flight"
2023-11-18T19:52:53.973Z - "In flight"
2023-11-18T19:52:54.921Z - "In flight"
2023-11-18T19:52:55.831Z - "In flight"
2023-11-18T19:52:56.856Z - "In flight"
2023-11-18T19:52:57.883Z - "In flight"
2023-11-18T19:52:58.821Z - "In flight"
2023-11-18T19:52:59.937Z - "In flight"
2023-11-18T19:53:00.774Z - "In flight"
2023-11-18T19:53:01.908Z - "In flight"
2023-11-18T19:53:02.859Z - "In flight"
2023-11-18T19:53:03.861Z - "In flight"
2023-11-18T19:53:04.847Z - "In flight"
2023-11-18T19:53:05.794Z - "In flight"
2023-11-18T19:53:06.804Z - "In flight"
2023-11-18T19:53:07.827Z - "In flight"
2023-11-18T19:53:08.772Z - "In flight"
2023-11-18T19:53:09.902Z - "In flight"
2023-11-18T19:53:10.824Z - "In flight"
2023-11-18T19:53:11.924Z - "In flight"
2023-11-18T19:53:12.850Z - "In flight"
2023-11-18T19:53:13.944Z - "In flight"
2023-11-18T19:53:14.890Z - "In flight"
2023-11-18T19:53:15.944Z - "In flight"
2023-11-18T19:53:16.891Z - "In flight"
2023-11-18T19:53:17.866Z - "In flight"
2023-11-18T19:53:18.906Z - "In flight"
2023-11-18T19:53:19.918Z - "In flight"
2023-11-18T19:53:20.892Z - "In flight"
2023-11-18T19:53:21.859Z - "In flight"
2023-11-18T19:53:22.814Z - "In flight"
2023-11-18T19:53:23.852Z - "In flight"
2023-11-18T19:53:24.962Z - "In flight"
2023-11-18T19:53:25.896Z - "In flight"
2023-11-18T19:53:26.881Z - "In flight"
2023-11-18T19:53:27.884Z - "In flight"
2023-11-18T19:53:28.923Z - "In flight"
2023-11-18T19:53:29.884Z - "In flight"
2023-11-18T19:53:30.917Z - "In flight"
2023-11-18T19:53:31.820Z - "In flight"
2023-11-18T19:53:32.884Z - "In flight"
2023-11-18T19:53:33.885Z - "In flight"
2023-11-18T19:53:34.914Z - "In flight"
2023-11-18T19:53:35.856Z - "In flight"
2023-11-18T19:53:36.732Z - "Main engine cut-off"
2023-11-18T19:53:36.864Z - "In flight"
2023-11-18T19:53:37.680Z - "Main engine cut-off"
2023-11-18T19:53:37.916Z - "Main engine cut-off"
2023-11-18T19:53:38.757Z - "Main engine cut-off"
2023-11-18T19:53:41.302Z - "In flight"
2023-11-18T19:53:41.523Z - "In flight"
2023-11-18T19:53:42.234Z - "In flight"
2023-11-18T19:53:42.249Z - "Main engine cut-off"
2023-11-18T19:53:42.305Z - "In flight"
2023-11-18T19:53:42.438Z - "Main engine cut-off"
2023-11-18T19:53:42.577Z - "In flight"
2023-11-18T19:53:42.882Z - "Main engine cut-off"
2023-11-18T19:53:43.132Z - "Main engine cut-off"
2023-11-18T19:53:43.245Z - "In flight"
2023-11-18T19:53:43.345Z - "Main engine cut-off"
2023-11-18T19:53:43.391Z - "Main engine cut-off"
2023-11-18T19:53:43.479Z - "In flight"
2023-11-18T19:53:43.484Z - "Main engine cut-off"
2023-11-18T19:53:43.726Z - "Main engine cut-off"
2023-11-18T19:53:44.063Z - "In flight"
2023-11-18T19:53:44.150Z - "Main engine cut-off"
2023-11-18T19:53:44.265Z - "Main engine cut-off"
2023-11-18T19:53:44.418Z - "In flight"
2023-11-18T19:53:44.424Z - "Main engine cut-off"
2023-11-18T19:53:44.503Z - "In flight"
2023-11-18T19:53:44.724Z - "In flight"
2023-11-18T19:53:45.102Z - "Main engine cut-off"
2023-11-18T19:53:45.298Z - "Main engine cut-off"
2023-11-18T19:53:45.319Z - "Main engine cut-off"
2023-11-18T19:53:45.457Z - "In flight"
2023-11-18T19:53:45.556Z - "Main engine cut-off"
2023-11-18T19:53:45.652Z - "Main engine cut-off"
2023-11-18T19:53:46.014Z - "Main engine cut-off"
2023-11-18T19:53:46.030Z - "Main engine cut-off"
2023-11-18T19:53:46.087Z - "In flight"
2023-11-18T19:53:46.278Z - "In flight"
2023-11-18T19:53:46.365Z - "Main engine cut-off"
2023-11-18T19:53:46.595Z - "Main engine cut-off"
2023-11-18T19:53:46.639Z - "In flight"
2023-11-18T19:53:46.950Z - "Main engine cut-off"
2023-11-18T19:53:47.028Z - "In flight"
2023-11-18T19:53:47.041Z - "In flight"
2023-11-18T19:53:47.113Z - "Main engine cut-off"
2023-11-18T19:53:47.188Z - "Main engine cut-off"
2023-11-18T19:53:47.239Z - "Main engine cut-off"
2023-11-18T19:53:47.297Z - "Main engine cut-off"
2023-11-18T19:53:47.342Z - "Main engine cut-off"
2023-11-18T19:53:47.344Z - "Main engine cut-off"
2023-11-18T19:53:47.717Z - "In flight"
2023-11-18T19:53:47.916Z - "In flight"
2023-11-18T19:53:47.997Z - "In flight"
2023-11-18T19:53:48.021Z - "Main engine cut-off"
2023-11-18T19:53:48.065Z - "Main engine cut-off"
2023-11-18T19:53:48.100Z - "Main engine cut-off"
2023-11-18T19:53:48.104Z - "In flight"
2023-11-18T19:53:48.172Z - "In flight"
2023-11-18T19:53:48.277Z - "In flight"
2023-11-18T19:53:48.505Z - "In flight"
2023-11-18T19:53:48.598Z - "Main engine cut-off"
2023-11-18T19:53:48.737Z - "In flight"
2023-11-18T19:53:48.760Z - "In flight"
2023-11-18T19:53:48.833Z - "In flight"
2023-11-18T19:53:48.879Z - "Main engine cut-off"
2023-11-18T19:53:48.946Z - "In flight"
2023-11-18T19:53:48.952Z - "Main engine cut-off"
2023-11-18T19:53:48.983Z - "In flight"
2023-11-18T19:53:48.986Z - "In flight"
2023-11-18T19:53:49.038Z - "In flight"
2023-11-18T19:53:49.125Z - "Main engine cut-off"
2023-11-18T19:53:49.145Z - "Main engine cut-off"
2023-11-18T19:53:49.246Z - "In flight"
2023-11-18T19:53:49.270Z - "Main engine cut-off"
2023-11-18T19:53:49.292Z - "In flight"
2023-11-18T19:53:49.297Z - "Main engine cut-off"
2023-11-18T19:53:49.366Z - "Main engine cut-off"
2023-11-18T19:53:49.407Z - "Main engine cut-off"
2023-11-18T19:53:49.409Z - "Main engine cut-off"
2023-11-18T19:53:49.429Z - "In flight"
2023-11-18T19:53:49.431Z - "Main engine cut-off"
2023-11-18T19:53:49.452Z - "Main engine cut-off"
2023-11-18T19:53:49.469Z - "Main engine cut-off"
2023-11-18T19:53:49.474Z - "Main engine cut-off"
2023-11-18T19:53:49.482Z - "In flight"
2023-11-18T19:53:49.530Z - "In flight"
2023-11-18T19:53:49.574Z - "Main engine cut-off"
2023-11-18T19:53:49.580Z - "Main engine cut-off"
2023-11-18T19:53:49.702Z - "In flight"
2023-11-18T19:53:49.729Z - "Main engine cut-off"
2023-11-18T19:53:49.860Z - "Main engine cut-off"
2023-11-18T19:53:49.877Z - "Main engine cut-off"
2023-11-18T19:53:49.882Z - "Main engine cut-off"
2023-11-18T19:53:49.921Z - "In flight"
2023-11-18T19:53:49.926Z - "In flight"
2023-11-18T19:53:49.932Z - "Main engine cut-off"
2023-11-18T19:53:49.969Z - "Main engine cut-off"
2023-11-18T19:53:50.068Z - "Main engine cut-off"
2023-11-18T19:53:50.073Z - "Main engine cut-off"
2023-11-18T19:53:50.158Z - "Main engine cut-off"
2023-11-18T19:53:50.234Z - "In flight"
2023-11-18T19:53:50.282Z - "Main engine cut-off"
2023-11-18T19:53:50.292Z - "Main engine cut-off"
2023-11-18T19:53:50.339Z - "Main engine cut-off"
2023-11-18T19:53:50.343Z - "Main engine cut-off"
2023-11-18T19:53:50.351Z - "Main engine cut-off"
2023-11-18T19:53:50.385Z - "In flight"
2023-11-18T19:53:50.403Z - "Main engine cut-off"
2023-11-18T19:53:50.417Z - "In flight"
2023-11-18T19:53:50.422Z - "Main engine cut-off"
2023-11-18T19:53:50.426Z - "Main engine cut-off"
2023-11-18T19:53:50.431Z - "Main engine cut-off"
2023-11-18T19:53:50.539Z - "Main engine cut-off"
2023-11-18T19:53:50.573Z - "Main engine cut-off"
2023-11-18T19:53:50.574Z - "In flight"
2023-11-18T19:53:50.585Z - "In flight"
2023-11-18T19:53:50.595Z - "Main engine cut-off"
2023-11-18T19:53:50.604Z - "In flight"
2023-11-18T19:53:50.605Z - "Main engine cut-off"
2023-11-18T19:53:50.624Z - "In flight"
2023-11-18T19:53:50.626Z - "Main engine cut-off"
2023-11-18T19:53:50.627Z - "In flight"
2023-11-18T19:53:50.630Z - "In flight"
2023-11-18T19:53:50.637Z - "Main engine cut-off"
2023-11-18T19:53:50.647Z - "Main engine cut-off"
2023-11-18T19:53:50.650Z - "In flight"
2023-11-18T19:53:50.691Z - "In flight"
2023-11-18T19:53:50.694Z - "Main engine cut-off"
2023-11-18T19:53:50.695Z - "Main engine cut-off"
2023-11-18T19:53:50.703Z - "In flight"
2023-11-18T19:53:50.708Z - "In flight"
2023-11-18T19:53:50.714Z - "Main engine cut-off"
2023-11-18T19:53:50.727Z - "Main engine cut-off"
2023-11-18T19:53:50.736Z - "Main engine cut-off"
2023-11-18T19:53:50.756Z - "Main engine cut-off"
2023-11-18T19:53:50.774Z - "In flight"
2023-11-18T19:53:50.813Z - "Main engine cut-off"
2023-11-18T19:53:50.895Z - "In flight"
2023-11-18T19:53:50.924Z - "Main engine cut-off"
2023-11-18T19:53:50.972Z - "Main engine cut-off"
2023-11-18T19:53:50.977Z - "Main engine cut-off"
2023-11-18T19:53:50.994Z - "Main engine cut-off"
2023-11-18T19:53:51.004Z - "Main engine cut-off"
2023-11-18T19:53:51.005Z - "In flight"
2023-11-18T19:53:51.032Z - "Main engine cut-off"
2023-11-18T19:53:51.039Z - "Main engine cut-off"
2023-11-18T19:53:51.047Z - "In flight"
2023-11-18T19:53:51.065Z - "Main engine cut-off"
2023-11-18T19:53:51.070Z - "Main engine cut-off"
2023-11-18T19:53:51.086Z - "Main engine cut-off"
2023-11-18T19:53:51.090Z - "In flight"
2023-11-18T19:53:51.091Z - "Main engine cut-off"
2023-11-18T19:53:51.107Z - "In flight"
2023-11-18T19:53:51.136Z - "Main engine cut-off"
2023-11-18T19:53:51.163Z - "Main engine cut-off"
2023-11-18T19:53:51.172Z - "Main engine cut-off"
2023-11-18T19:53:51.181Z - "Main engine cut-off"
2023-11-18T19:53:51.183Z - "Main engine cut-off"
2023-11-18T19:53:51.184Z - "Main engine cut-off"
2023-11-18T19:53:51.189Z - "Main engine cut-off"
2023-11-18T19:53:51.228Z - "Main engine cut-off"
2023-11-18T19:53:51.233Z - "Main engine cut-off"
2023-11-18T19:53:51.242Z - "In flight"
2023-11-18T19:55:10.484Z - "Rocket on internal power"
2023-11-18T19:55:10.734Z - "Rocket preparation"
2023-11-18T19:55:10.764Z - "Startup"
2023-11-18T19:55:13.731Z - "Main engine start"
2023-11-18T19:55:13.836Z - "Liftoff"
2023-11-18T19:55:14.816Z - "In flight"
2023-11-18T19:55:15.884Z - "In flight"
2023-11-18T19:55:16.794Z - "In flight"
2023-11-18T19:55:17.772Z - "In flight"
2023-11-18T19:55:18.850Z - "In flight"
2023-11-18T19:55:19.819Z - "In flight"
2023-11-18T19:55:20.853Z - "In flight"
2023-11-18T19:55:21.830Z - "In flight"
2023-11-18T19:55:22.814Z - "In flight"
2023-11-18T19:55:23.556Z - "In flight"
2023-11-18T19:55:24.826Z - "In flight"
2023-11-18T19:55:25.905Z - "In flight"
2023-11-18T19:55:26.873Z - "In flight"
2023-11-18T19:55:27.831Z - "In flight"
2023-11-18T19:55:28.924Z - "In flight"
2023-11-18T19:55:29.883Z - "In flight"
2023-11-18T19:55:30.902Z - "In flight"
2023-11-18T19:55:31.866Z - "In flight"
2023-11-18T19:55:32.859Z - "In flight"
2023-11-18T19:55:33.926Z - "In flight"
2023-11-18T19:55:34.854Z - "In flight"
2023-11-18T19:55:35.765Z - "In flight"
2023-11-18T19:55:36.853Z - "In flight"
2023-11-18T19:55:37.807Z - "In flight"
2023-11-18T19:55:38.881Z - "In flight"
2023-11-18T19:55:39.913Z - "In flight"
2023-11-18T19:55:40.867Z - "In flight"
2023-11-18T19:55:41.928Z - "In flight"
2023-11-18T19:55:42.840Z - "In flight"
2023-11-18T19:55:43.859Z - "In flight"
2023-11-18T19:55:44.853Z - "In flight"
2023-11-18T19:55:45.933Z - "In flight"
2023-11-18T19:55:46.830Z - "In flight"
2023-11-18T19:55:47.818Z - "In flight"
2023-11-18T19:55:48.839Z - "In flight"
2023-11-18T19:55:49.763Z - "In flight"
2023-11-18T19:55:50.870Z - "In flight"
2023-11-18T19:55:51.835Z - "In flight"
2023-11-18T19:55:52.792Z - "In flight"
2023-11-18T19:55:53.948Z - "In flight"
2023-11-18T19:55:54.859Z - "In flight"
2023-11-18T19:55:55.892Z - "In flight"
2023-11-18T19:55:56.849Z - "In flight"
2023-11-18T19:55:57.836Z - "In flight"
2023-11-18T19:55:58.881Z - "In flight"
2023-11-18T19:55:59.874Z - "In flight"
2023-11-18T19:56:00.939Z - "In flight"
2023-11-18T19:56:01.843Z - "In flight"
2023-11-18T19:56:02.900Z - "In flight"
2023-11-18T19:56:03.967Z - "In flight"
2023-11-18T19:56:04.882Z - "In flight"
2023-11-18T19:56:05.943Z - "In flight"
2023-11-18T19:56:06.880Z - "In flight"
2023-11-18T19:56:07.814Z - "In flight"
2023-11-18T19:56:08.849Z - "In flight"
2023-11-18T19:56:09.898Z - "In flight"
2023-11-18T19:56:10.806Z - "In flight"
2023-11-18T19:56:11.925Z - "In flight"
2023-11-18T19:56:12.889Z - "In flight"
2023-11-18T19:56:13.802Z - "In flight"
2023-11-18T19:56:14.949Z - "In flight"
2023-11-18T19:56:15.855Z - "In flight"
2023-11-18T19:56:16.807Z - "In flight"
2023-11-18T19:56:17.925Z - "In flight"
2023-11-18T19:56:18.785Z - "Main engine cut-off"
2023-11-18T19:56:18.848Z - "In flight"
2023-11-18T19:56:19.740Z - "Main engine cut-off"
2023-11-18T19:56:19.843Z - "Main engine cut-off"
2023-11-18T20:11:01.611Z - "Rocket on internal power"
2023-11-18T20:11:02.171Z - "Startup"
2023-11-18T20:11:02.231Z - "Rocket preparation"
2023-11-18T20:11:05.316Z - "Main engine start"
2023-11-18T20:11:39.951Z - "Startup"
2023-11-18T20:11:39.983Z - "Rocket on internal power"
2023-11-18T20:11:40.248Z - "Rocket preparation"
2023-11-18T20:11:43.345Z - "Main engine start"
2023-11-18T20:11:43.902Z - "Liftoff"
2023-11-18T20:11:44.527Z - "In flight"
2023-11-18T20:11:45.548Z - "In flight"
2023-11-18T20:11:46.698Z - "In flight"
2023-11-18T20:11:47.680Z - "In flight"
2023-11-18T20:11:48.627Z - "In flight"
2023-11-18T20:11:49.616Z - "In flight"
2023-11-18T20:11:50.570Z - "In flight"
2023-11-18T20:11:51.628Z - "In flight"
2023-11-18T20:11:52.654Z - "In flight"
2023-11-18T20:11:53.555Z - "In flight"
2023-11-18T20:11:54.690Z - "In flight"
2023-11-18T20:11:55.706Z - "In flight"
2023-11-18T20:11:56.718Z - "In flight"
2023-11-18T20:11:57.742Z - "In flight"
2023-11-18T20:11:58.626Z - "In flight"
2023-11-18T20:11:59.660Z - "In flight"
2023-11-18T20:12:00.703Z - "In flight"
2023-11-18T20:12:01.672Z - "In flight"
2023-11-18T20:12:02.580Z - "In flight"
2023-11-18T20:12:03.648Z - "In flight"
2023-11-18T20:12:04.718Z - "In flight"
2023-11-18T20:12:05.554Z - "In flight"
2023-11-18T20:12:06.690Z - "In flight"
2023-11-18T20:12:07.711Z - "In flight"
2023-11-18T20:12:08.629Z - "In flight"
2023-11-18T20:12:09.717Z - "In flight"
2023-11-18T20:12:10.583Z - "In flight"
2023-11-18T20:12:11.606Z - "In flight"
2023-11-18T20:12:12.606Z - "In flight"
2023-11-18T20:12:13.644Z - "In flight"
2023-11-18T20:12:14.633Z - "In flight"
2023-11-18T20:12:15.632Z - "In flight"
2023-11-18T20:12:16.666Z - "In flight"
2023-11-18T20:12:17.627Z - "In flight"
2023-11-18T20:12:18.626Z - "In flight"
2023-11-18T20:12:19.703Z - "In flight"
2023-11-18T20:12:20.732Z - "In flight"
2023-11-18T20:12:21.726Z - "In flight"
2023-11-18T20:12:22.704Z - "In flight"
2023-11-18T20:12:23.593Z - "In flight"
2023-11-18T20:12:24.648Z - "In flight"
2023-11-18T20:12:25.593Z - "In flight"
2023-11-18T20:12:26.722Z - "In flight"
2023-11-18T20:12:27.632Z - "In flight"
2023-11-18T20:12:28.676Z - "In flight"
2023-11-18T20:12:29.599Z - "In flight"
2023-11-18T20:12:30.614Z - "In flight"
2023-11-18T20:12:31.641Z - "In flight"
2023-11-18T20:12:32.620Z - "In flight"
2023-11-18T20:12:33.632Z - "In flight"
2023-11-18T20:12:34.687Z - "In flight"
2023-11-18T20:12:35.622Z - "In flight"
2023-11-18T20:12:36.620Z - "In flight"
2023-11-18T20:12:37.628Z - "In flight"
2023-11-18T20:12:38.692Z - "In flight"
2023-11-18T20:12:39.617Z - "In flight"
2023-11-18T20:12:40.619Z - "In flight"
2023-11-18T20:12:41.585Z - "In flight"
2023-11-18T20:12:42.661Z - "In flight"
2023-11-18T20:12:43.649Z - "In flight"
2023-11-18T20:12:44.717Z - "In flight"
2023-11-18T20:12:45.734Z - "In flight"
2023-11-18T20:12:46.605Z - "In flight"
2023-11-18T20:12:47.629Z - "In flight"
2023-11-18T20:12:48.622Z - "In flight"
2023-11-18T20:12:48.700Z - "Main engine cut-off"
2023-11-18T20:12:49.250Z - "Main engine cut-off"
2023-11-18T20:12:50.099Z - "Main engine cut-off"
2023-11-18T20:12:51.189Z - "Main engine cut-off"
2023-11-18T20:12:52.371Z - "In flight"
2023-11-18T20:12:52.848Z - "In flight"
2023-11-18T20:12:53.225Z - "Main engine cut-off"
2023-11-18T20:12:53.395Z - "In flight"
2023-11-18T20:12:53.687Z - "Main engine cut-off"
2023-11-18T20:12:53.978Z - "In flight"
2023-11-18T20:12:54.073Z - "In flight"
2023-11-18T20:12:54.078Z - "Main engine cut-off"
2023-11-18T20:12:54.079Z - "In flight"
2023-11-18T20:12:54.350Z - "Main engine cut-off"
2023-11-18T20:12:54.772Z - "In flight"
2023-11-18T20:12:54.872Z - "In flight"
2023-11-18T20:12:54.932Z - "Main engine cut-off"
2023-11-18T20:12:54.952Z - "Main engine cut-off"
2023-11-18T20:12:55.291Z - "Main engine cut-off"
2023-11-18T20:12:55.295Z - "Main engine cut-off"
2023-11-18T20:12:55.296Z - "In flight"
2023-11-18T20:12:55.456Z - "Main engine cut-off"
2023-11-18T20:12:55.542Z - "Main engine cut-off"
2023-11-18T20:12:55.654Z - "Main engine cut-off"
2023-11-18T20:12:55.718Z - "Main engine cut-off"
2023-11-18T20:12:55.765Z - "In flight"
2023-11-18T20:12:55.895Z - "In flight"
2023-11-18T20:12:55.942Z - "Main engine cut-off"
2023-11-18T20:12:56.138Z - "In flight"
2023-11-18T20:12:56.176Z - "Main engine cut-off"
2023-11-18T20:12:56.350Z - "In flight"
2023-11-18T20:12:56.359Z - "Main engine cut-off"
2023-11-18T20:12:56.403Z - "Main engine cut-off"
2023-11-18T20:12:56.610Z - "Main engine cut-off"
2023-11-18T20:12:56.765Z - "Main engine cut-off"
2023-11-18T20:12:56.777Z - "Main engine cut-off"
2023-11-18T20:12:56.888Z - "In flight"
2023-11-18T20:12:57.078Z - "Main engine cut-off"
2023-11-18T20:12:57.293Z - "In flight"
2023-11-18T20:12:57.403Z - "Main engine cut-off"
2023-11-18T20:12:57.644Z - "Main engine cut-off"
2023-11-18T20:12:57.693Z - "In flight"
2023-11-18T20:12:57.795Z - "Main engine cut-off"
2023-11-18T20:12:57.827Z - "In flight"
2023-11-18T20:12:57.959Z - "Main engine cut-off"
2023-11-18T20:12:57.994Z - "Main engine cut-off"
2023-11-18T20:12:58.014Z - "Main engine cut-off"
2023-11-18T20:12:58.253Z - "Main engine cut-off"
2023-11-18T20:12:58.321Z - "In flight"
2023-11-18T20:12:58.330Z - "Main engine cut-off"
2023-11-18T20:12:58.622Z - "Main engine cut-off"
2023-11-18T20:12:58.670Z - "Main engine cut-off"
2023-11-18T20:12:58.705Z - "In flight"
2023-11-18T20:12:58.748Z - "Main engine cut-off"
2023-11-18T20:12:58.878Z - "In flight"
2023-11-18T20:12:58.945Z - "Main engine cut-off"
2023-11-18T20:12:58.983Z - "Main engine cut-off"
2023-11-18T20:12:59.067Z - "In flight"
2023-11-18T20:12:59.335Z - "Main engine cut-off"
2023-11-18T20:12:59.594Z - "Main engine cut-off"
2023-11-18T20:12:59.647Z - "In flight"
2023-11-18T20:12:59.764Z - "Main engine cut-off"
2023-11-18T20:12:59.788Z - "Main engine cut-off"
2023-11-18T20:12:59.951Z - "In flight"
2023-11-18T20:12:59.959Z - "Main engine cut-off"
2023-11-18T20:12:59.981Z - "Main engine cut-off"
2023-11-18T20:13:00.268Z - "In flight"
2023-11-18T20:13:00.584Z - "Main engine cut-off"
2023-11-18T20:13:00.657Z - "Main engine cut-off"
2023-11-18T20:13:00.735Z - "In flight"
2023-11-18T20:13:00.766Z - "Main engine cut-off"
2023-11-18T20:13:00.821Z - "Main engine cut-off"
2023-11-18T20:13:00.891Z - "Main engine cut-off"
2023-11-18T20:13:00.905Z - "Main engine cut-off"
2023-11-18T20:13:01.317Z - "In flight"
2023-11-18T20:13:01.472Z - "In flight"
2023-11-18T20:13:01.500Z - "Main engine cut-off"
2023-11-18T20:13:01.550Z - "In flight"
2023-11-18T20:13:01.647Z - "In flight"
2023-11-18T20:13:02.007Z - "In flight"
2023-11-18T20:13:02.025Z - "Main engine cut-off"
2023-11-18T20:13:02.127Z - "Main engine cut-off"
2023-11-18T20:13:02.229Z - "Main engine cut-off"
2023-11-18T20:13:02.292Z - "Main engine cut-off"
2023-11-18T20:13:02.344Z - "Main engine cut-off"
2023-11-18T20:13:02.512Z - "Main engine cut-off"
2023-11-18T20:13:02.605Z - "Main engine cut-off"
2023-11-18T20:13:02.705Z - "In flight"
2023-11-18T20:13:02.807Z - "Main engine cut-off"
2023-11-18T20:13:02.865Z - "In flight"
2023-11-18T20:13:03.052Z - "Main engine cut-off"
2023-11-18T20:13:03.145Z - "Main engine cut-off"
2023-11-18T20:13:03.252Z - "Main engine cut-off"
2023-11-18T20:13:03.344Z - "Main engine cut-off"
2023-11-18T20:13:03.394Z - "In flight"
2023-11-18T20:13:03.424Z - "In flight"
2023-11-18T20:13:03.603Z - "Main engine cut-off"
2023-11-18T20:13:03.796Z - "Main engine cut-off"
2023-11-18T20:13:03.863Z - "Main engine cut-off"
2023-11-18T20:13:04.032Z - "Main engine cut-off"
2023-11-18T20:13:04.063Z - "Main engine cut-off"
2023-11-18T20:13:04.219Z - "Main engine cut-off"
2023-11-18T20:13:04.259Z - "In flight"
2023-11-18T20:13:04.349Z - "Main engine cut-off"
2023-11-18T20:13:04.488Z - "In flight"
2023-11-18T20:13:04.721Z - "In flight"
2023-11-18T20:13:04.883Z - "In flight"
2023-11-18T20:13:04.892Z - "Main engine cut-off"
2023-11-18T20:13:05.009Z - "Main engine cut-off"
2023-11-18T20:13:05.172Z - "Main engine cut-off"
2023-11-18T20:13:05.280Z - "In flight"
2023-11-18T20:13:05.283Z - "Main engine cut-off"
2023-11-18T20:13:05.387Z - "Main engine cut-off"
2023-11-18T20:13:05.422Z - "In flight"
2023-11-18T20:13:05.734Z - "Main engine cut-off"
2023-11-18T20:13:05.893Z - "Main engine cut-off"
2023-11-18T20:13:05.947Z - "In flight"
2023-11-18T20:13:06.083Z - "Main engine cut-off"
2023-11-18T20:13:06.088Z - "Main engine cut-off"
2023-11-18T20:13:06.159Z - "Main engine cut-off"
2023-11-18T20:13:06.346Z - "In flight"
2023-11-18T20:13:06.365Z - "Main engine cut-off"
2023-11-18T20:13:06.560Z - "In flight"
2023-11-18T20:13:06.655Z - "Main engine cut-off"
2023-11-18T20:13:06.724Z - "In flight"
2023-11-18T20:13:06.831Z - "Main engine cut-off"
2023-11-18T20:13:06.933Z - "Main engine cut-off"
2023-11-18T20:13:06.938Z - "Main engine cut-off"
2023-11-18T20:13:06.940Z - "Main engine cut-off"
2023-11-18T20:13:07.134Z - "Main engine cut-off"
2023-11-18T20:13:07.358Z - "Main engine cut-off"
2023-11-18T20:13:07.398Z - "In flight"
2023-11-18T20:13:07.412Z - "In flight"
2023-11-18T20:13:07.666Z - "Main engine cut-off"
2023-11-18T20:13:07.718Z - "Main engine cut-off"
2023-11-18T20:13:07.763Z - "Main engine cut-off"
2023-11-18T20:13:07.804Z - "In flight"
2023-11-18T20:13:07.835Z - "Main engine cut-off"
2023-11-18T20:13:08.005Z - "In flight"
2023-11-18T20:13:08.114Z - "Main engine cut-off"
2023-11-18T20:13:08.266Z - "Main engine cut-off"
2023-11-18T20:13:08.327Z - "Main engine cut-off"
2023-11-18T20:13:08.386Z - "Main engine cut-off"
2023-11-18T20:13:08.469Z - "In flight"
2023-11-18T20:13:08.570Z - "Main engine cut-off"
2023-11-18T20:13:08.645Z - "Main engine cut-off"
2023-11-18T20:13:08.686Z - "Main engine cut-off"
2023-11-18T20:13:09.052Z - "Main engine cut-off"
2023-11-18T20:13:09.170Z - "Main engine cut-off"
2023-11-18T20:13:09.196Z - "Main engine cut-off"
2023-11-18T20:13:09.278Z - "In flight"
2023-11-18T20:13:09.288Z - "In flight"
2023-11-18T20:13:09.353Z - "In flight"
2023-11-18T20:13:09.413Z - "Main engine cut-off"
2023-11-18T20:13:10.012Z - "In flight"
2023-11-18T20:13:10.153Z - "Main engine cut-off"
2023-11-18T20:13:10.186Z - "Main engine cut-off"
2023-11-18T20:13:10.273Z - "In flight"
2023-11-18T20:13:10.287Z - "Main engine cut-off"
2023-11-18T20:13:10.304Z - "In flight"
2023-11-18T20:13:10.308Z - "Main engine cut-off"
2023-11-18T20:13:10.592Z - "In flight"
2023-11-18T20:13:10.772Z - "In flight"
2023-11-18T20:13:10.881Z - "Main engine cut-off"
2023-11-18T20:13:10.938Z - "Main engine cut-off"
2023-11-18T20:13:11.091Z - "Main engine cut-off"
2023-11-18T20:13:11.165Z - "Main engine cut-off"
2023-11-18T20:13:11.226Z - "Main engine cut-off"
2023-11-18T20:13:11.371Z - "In flight"
2023-11-18T20:13:11.445Z - "Main engine cut-off"
2023-11-18T20:13:11.495Z - "Main engine cut-off"
2023-11-18T20:13:11.860Z - "Main engine cut-off"
2023-11-18T20:13:11.989Z - "Main engine cut-off"
2023-11-18T20:13:12.020Z - "Main engine cut-off"
2023-11-18T20:13:12.071Z - "Main engine cut-off"
2023-11-18T20:13:12.289Z - "In flight"
2023-11-18T20:13:12.300Z - "In flight"
2023-11-18T20:13:12.409Z - "Main engine cut-off"
2023-11-18T20:13:12.434Z - "Main engine cut-off"
2023-11-18T20:13:12.649Z - "In flight"
2023-11-18T20:13:12.741Z - "In flight"
2023-11-18T20:13:12.926Z - "Main engine cut-off"
2023-11-18T20:13:12.952Z - "Main engine cut-off"
2023-11-18T20:13:13.071Z - "In flight"
2023-11-18T20:13:13.141Z - "Main engine cut-off"
2023-11-18T20:13:13.263Z - "In flight"
2023-11-18T20:13:13.451Z - "Main engine cut-off"
2023-11-18T20:13:13.663Z - "In flight"
2023-11-18T20:13:13.670Z - "Main engine cut-off"
2023-11-18T20:13:13.709Z - "Main engine cut-off"
2023-11-18T20:13:13.908Z - "In flight"
2023-11-18T20:13:13.918Z - "Main engine cut-off"
2023-11-18T20:13:13.968Z - "Main engine cut-off"
2023-11-18T20:13:14.017Z - "In flight"
2023-11-18T20:13:14.267Z - "Main engine cut-off"
2023-11-18T20:13:14.287Z - "Main engine cut-off"
2023-11-18T20:13:14.629Z - "Main engine cut-off"
2023-11-18T20:13:14.636Z - "In flight"
2023-11-18T20:13:14.645Z - "Main engine cut-off"
2023-11-18T20:13:14.685Z - "Main engine cut-off"
2023-11-18T20:13:14.792Z - "In flight"
2023-11-18T20:13:14.958Z - "Main engine cut-off"
2023-11-18T20:13:15.155Z - "Main engine cut-off"
2023-11-18T20:13:15.159Z - "In flight"
2023-11-18T20:13:15.159Z - "Main engine cut-off"
2023-11-18T20:13:15.188Z - "Main engine cut-off"
2023-11-18T20:13:15.314Z - "Main engine cut-off"
2023-11-18T20:13:15.336Z - "In flight"
2023-11-18T20:13:15.442Z - "Main engine cut-off"
2023-11-18T20:13:15.456Z - "Main engine cut-off"
2023-11-18T20:13:15.521Z - "Main engine cut-off"
2023-11-18T20:13:15.905Z - "In flight"
2023-11-18T20:13:15.962Z - "Main engine cut-off"
2023-11-18T20:13:16.107Z - "Main engine cut-off"
2023-11-18T20:16:58.054Z - "Rocket preparation"
2023-11-18T20:16:58.078Z - "Startup"
2023-11-18T20:16:58.118Z - "Rocket on internal power"
2023-11-18T20:17:01.172Z - "Main engine start"
2023-11-18T20:17:01.177Z - "Liftoff"
2023-11-18T20:17:02.214Z - "In flight"
2023-11-18T20:17:03.306Z - "In flight"
2023-11-18T20:17:04.275Z - "In flight"
2023-11-18T20:17:05.302Z - "In flight"
2023-11-18T20:17:06.290Z - "In flight"
2023-11-18T20:17:07.258Z - "In flight"
2023-11-18T20:17:08.172Z - "In flight"
2023-11-18T20:17:09.301Z - "In flight"
2023-11-18T20:17:10.205Z - "In flight"
2023-11-18T20:17:11.238Z - "In flight"
2023-11-18T20:17:12.258Z - "In flight"
2023-11-18T20:17:13.259Z - "In flight"
2023-11-18T20:17:14.172Z - "In flight"
2023-11-18T20:17:15.248Z - "In flight"
2023-11-18T20:17:16.276Z - "In flight"
2023-11-18T20:17:17.135Z - "In flight"
2023-11-18T20:17:18.300Z - "In flight"
2023-11-18T20:17:19.265Z - "In flight"
2023-11-18T20:17:20.286Z - "In flight"
2023-11-18T20:17:21.326Z - "In flight"
2023-11-18T20:17:21.973Z - "In flight"
2023-11-18T20:17:22.343Z - "In flight"
2023-11-18T20:17:23.327Z - "In flight"
2023-11-18T20:17:24.224Z - "In flight"
2023-11-18T20:17:25.232Z - "In flight"
2023-11-18T20:17:26.218Z - "In flight"
2023-11-18T20:17:27.128Z - "In flight"
2023-11-18T20:17:28.186Z - "In flight"
2023-11-18T20:17:29.178Z - "In flight"
2023-11-18T20:17:30.174Z - "In flight"
2023-11-18T20:17:31.154Z - "In flight"
2023-11-18T20:17:32.176Z - "In flight"
2023-11-18T20:17:33.236Z - "In flight"
2023-11-18T20:17:34.273Z - "In flight"
2023-11-18T20:17:35.165Z - "In flight"
2023-11-18T20:17:36.321Z - "In flight"
2023-11-18T20:17:37.199Z - "In flight"
2023-11-18T20:17:38.246Z - "In flight"
2023-11-18T20:17:39.236Z - "In flight"
2023-11-18T20:17:40.339Z - "In flight"
2023-11-18T20:17:41.127Z - "In flight"
2023-11-18T20:17:42.277Z - "In flight"
2023-11-18T20:17:43.231Z - "In flight"
2023-11-18T20:17:44.243Z - "In flight"
2023-11-18T20:17:45.320Z - "In flight"
2023-11-18T20:17:46.267Z - "In flight"
2023-11-18T20:17:47.254Z - "In flight"
2023-11-18T20:17:48.295Z - "In flight"
2023-11-18T20:17:49.238Z - "In flight"
2023-11-18T20:17:50.308Z - "In flight"
2023-11-18T20:17:51.311Z - "In flight"
2023-11-18T20:17:52.175Z - "In flight"
2023-11-18T20:17:53.241Z - "In flight"
2023-11-18T20:17:54.141Z - "In flight"
2023-11-18T20:17:55.194Z - "In flight"
2023-11-18T20:17:56.180Z - "In flight"
2023-11-18T20:17:57.284Z - "In flight"
2023-11-18T20:17:57.927Z - "In flight"
2023-11-18T20:17:58.227Z - "In flight"
2023-11-18T20:17:59.283Z - "In flight"
2023-11-18T20:18:00.182Z - "In flight"
2023-11-18T20:18:01.265Z - "In flight"
2023-11-18T20:18:02.287Z - "In flight"
2023-11-18T20:18:03.232Z - "In flight"
2023-11-18T20:18:04.226Z - "In flight"
2023-11-18T20:18:05.315Z - "In flight"
2023-11-18T20:18:06.334Z - "In flight"
2023-11-18T20:18:07.112Z - "Main engine cut-off"
2023-11-18T20:18:07.214Z - "Main engine cut-off"
2023-11-18T20:18:07.335Z - "In flight"
2023-11-18T20:18:07.982Z - "Main engine cut-off"
2023-11-18T20:18:08.231Z - "Main engine cut-off"
2023-11-18T20:18:08.267Z - "Main engine cut-off"
2023-11-18T20:18:09.331Z - "Main engine cut-off"
2023-11-18T20:18:10.662Z - "In flight"
2023-11-18T20:18:11.636Z - "Main engine cut-off"
2023-11-18T20:18:11.820Z - "In flight"
2023-11-18T20:18:12.245Z - "Main engine cut-off"
2023-11-18T20:18:12.470Z - "In flight"
2023-11-18T20:18:12.565Z - "Main engine cut-off"
2023-11-18T20:18:12.698Z - "Main engine cut-off"
2023-11-18T20:18:12.802Z - "In flight"
2023-11-18T20:18:13.600Z - "Main engine cut-off"
2023-11-18T20:18:13.708Z - "Main engine cut-off"
2023-11-18T20:18:13.846Z - "In flight"
2023-11-18T20:18:14.601Z - "Main engine cut-off"
2023-11-18T20:18:14.732Z - "In flight"
2023-11-18T20:18:14.787Z - "Main engine cut-off"
2023-11-18T20:18:15.641Z - "In flight"
2023-11-18T20:18:15.687Z - "Main engine cut-off"
2023-11-18T20:18:15.737Z - "Main engine cut-off"
2023-11-18T20:18:16.574Z - "Main engine cut-off"
2023-11-18T20:18:16.602Z - "Main engine cut-off"
2023-11-18T20:18:16.734Z - "In flight"
2023-11-18T20:18:17.484Z - "Main engine cut-off"
2023-11-18T20:18:17.672Z - "In flight"
2023-11-18T20:18:17.743Z - "Main engine cut-off"
2023-11-18T20:18:18.572Z - "Main engine cut-off"
2023-11-18T20:18:18.595Z - "Main engine cut-off"
2023-11-18T20:18:18.752Z - "In flight"
2023-11-18T20:18:19.165Z - "Main engine cut-off"
2023-11-18T20:18:19.636Z - "Main engine cut-off"
2023-11-18T20:18:19.806Z - "In flight"
2023-11-18T20:18:20.391Z - "In flight"
2023-11-18T20:18:20.618Z - "Main engine cut-off"
2023-11-18T20:18:21.226Z - "Main engine cut-off"
2023-11-18T20:18:21.346Z - "Main engine cut-off"
2023-11-18T20:18:21.827Z - "In flight"
2023-11-18T20:18:22.225Z - "Main engine cut-off"
2023-11-18T20:18:22.242Z - "Main engine cut-off"
2023-11-18T20:18:22.700Z - "Main engine cut-off"
2023-11-18T20:18:22.740Z - "In flight"
2023-11-18T20:18:23.546Z - "Main engine cut-off"
2023-11-18T20:18:23.671Z - "Main engine cut-off"
2023-11-18T20:18:23.772Z - "In flight"
2023-11-18T20:18:24.158Z - "Main engine cut-off"
2023-11-18T20:18:24.525Z - "Main engine cut-off"
2023-11-18T20:18:24.621Z - "Main engine cut-off"
2023-11-18T20:18:24.707Z - "In flight"
2023-11-18T20:18:25.630Z - "Main engine cut-off"
2023-11-18T20:18:25.669Z - "Main engine cut-off"
2023-11-18T20:18:25.836Z - "In flight"
2023-11-18T20:18:26.636Z - "Main engine cut-off"
2023-11-18T20:18:26.721Z - "In flight"
2023-11-18T20:18:26.861Z - "Main engine cut-off"
2023-11-18T20:18:27.770Z - "Main engine cut-off"
2023-11-18T20:18:27.814Z - "Main engine cut-off"
2023-11-18T20:18:28.380Z - "In flight"
2023-11-18T20:18:28.712Z - "Main engine cut-off"
2023-11-18T20:18:28.856Z - "In flight"
2023-11-18T20:18:29.357Z - "Main engine cut-off"
2023-11-18T20:18:29.409Z - "In flight"
2023-11-18T20:18:29.679Z - "In flight"
2023-11-18T20:18:29.784Z - "Main engine cut-off"
2023-11-18T20:18:30.153Z - "Main engine cut-off"
2023-11-18T20:18:30.586Z - "Main engine cut-off"
2023-11-18T20:18:30.702Z - "In flight"
2023-11-18T20:18:30.729Z - "Main engine cut-off"
2023-11-18T20:18:31.173Z - "Main engine cut-off"
2023-11-18T20:18:31.459Z - "Main engine cut-off"
2023-11-18T20:18:31.589Z - "Main engine cut-off"
2023-11-18T20:18:31.717Z - "In flight"
2023-11-18T20:18:32.303Z - "Main engine cut-off"
2023-11-18T20:18:32.591Z - "Main engine cut-off"
2023-11-18T20:18:32.765Z - "In flight"
2023-11-18T20:18:33.223Z - "Main engine cut-off"
2023-11-18T20:18:33.724Z - "Main engine cut-off"
2023-11-18T20:18:33.760Z - "In flight"
2023-11-18T20:18:34.612Z - "Main engine cut-off"
2023-11-18T20:18:34.727Z - "Main engine cut-off"
2023-11-18T20:18:34.876Z - "In flight"
2023-11-18T20:18:35.180Z - "Main engine cut-off"
2023-11-18T20:18:35.457Z - "In flight"
2023-11-18T20:18:36.210Z - "Main engine cut-off"
2023-11-18T20:18:36.416Z - "Main engine cut-off"
2023-11-18T20:18:36.779Z - "In flight"
2023-11-18T20:18:37.172Z - "Main engine cut-off"
2023-11-18T20:18:37.365Z - "Main engine cut-off"
2023-11-18T20:18:37.682Z - "Main engine cut-off"
2023-11-18T20:18:37.788Z - "In flight"
2023-11-18T20:18:38.699Z - "Main engine cut-off"
2023-11-18T20:18:38.754Z - "In flight"
2023-11-18T20:18:39.235Z - "Main engine cut-off"
2023-11-18T20:18:39.349Z - "Main engine cut-off"
2023-11-18T20:18:39.681Z - "Main engine cut-off"
2023-11-18T20:18:39.741Z - "In flight"
2023-11-18T20:18:40.428Z - "In flight"
2023-11-18T20:18:40.616Z - "Main engine cut-off"
2023-11-18T20:18:41.191Z - "Main engine cut-off"
2023-11-18T20:18:41.358Z - "Main engine cut-off"
2023-11-18T20:18:41.730Z - "In flight"
2023-11-18T20:18:42.303Z - "Main engine cut-off"
2023-11-18T20:18:42.360Z - "Main engine cut-off"
2023-11-18T20:18:42.523Z - "Main engine cut-off"
2023-11-18T20:18:42.676Z - "In flight"
2023-11-18T20:18:43.038Z - "Main engine cut-off"
2023-11-18T20:18:43.725Z - "Main engine cut-off"
2023-11-18T20:18:44.731Z - "In flight"
2023-11-18T20:18:44.741Z - "Main engine cut-off"
2023-11-18T20:18:45.427Z - "Main engine cut-off"
2023-11-18T20:18:45.752Z - "Main engine cut-off"
2023-11-18T20:18:45.782Z - "In flight"
2023-11-18T20:18:46.399Z - "Main engine cut-off"
2023-11-18T20:18:46.681Z - "In flight"
2023-11-18T20:18:46.774Z - "Main engine cut-off"
2023-11-18T20:18:47.277Z - "Main engine cut-off"
2023-11-18T20:18:47.326Z - "Main engine cut-off"
2023-11-18T20:18:47.679Z - "Main engine cut-off"
2023-11-18T20:18:47.824Z - "In flight"
2023-11-18T20:18:48.138Z - "Main engine cut-off"
2023-11-18T20:18:48.664Z - "Main engine cut-off"
2023-11-18T20:18:48.774Z - "In flight"
2023-11-18T20:18:49.587Z - "Main engine cut-off"
2023-11-18T20:18:49.763Z - "In flight"
2023-11-18T20:18:49.780Z - "Main engine cut-off"
2023-11-18T20:18:50.378Z - "Main engine cut-off"
2023-11-18T20:18:50.682Z - "Main engine cut-off"
2023-11-18T20:18:50.703Z - "In flight"
2023-11-18T20:18:51.555Z - "Main engine cut-off"
2023-11-18T20:18:51.659Z - "Main engine cut-off"
2023-11-18T20:18:51.775Z - "In flight"
2023-11-18T20:18:52.646Z - "Main engine cut-off"
2023-11-18T20:18:52.733Z - "In flight"
2023-11-18T20:18:52.776Z - "Main engine cut-off"
2023-11-18T20:18:53.670Z - "Main engine cut-off"
2023-11-18T20:18:53.697Z - "Main engine cut-off"
2023-11-18T20:18:53.819Z - "In flight"
2023-11-18T20:18:54.543Z - "Main engine cut-off"
2023-11-18T20:18:54.766Z - "Main engine cut-off"
2023-11-18T20:18:54.796Z - "In flight"
2023-11-18T20:18:55.707Z - "In flight"
2023-11-18T20:18:55.765Z - "Main engine cut-off"
2023-11-18T20:18:55.782Z - "Main engine cut-off"
2023-11-18T20:18:56.366Z - "Main engine cut-off"
2023-11-18T20:18:56.806Z - "In flight"
2023-11-18T20:18:57.246Z - "Main engine cut-off"
2023-11-18T20:18:57.574Z - "Main engine cut-off"
2023-11-18T20:18:57.755Z - "In flight"
2023-11-18T20:18:57.895Z - "Main engine cut-off"
2023-11-18T20:18:58.165Z - "Main engine cut-off"
2023-11-18T20:18:58.195Z - "Main engine cut-off"
2023-11-18T20:18:58.692Z - "Main engine cut-off"
2023-11-18T20:18:58.777Z - "In flight"
2023-11-18T20:18:59.534Z - "Main engine cut-off"
2023-11-18T20:18:59.685Z - "Main engine cut-off"
2023-11-18T20:18:59.840Z - "In flight"
2023-11-18T20:19:00.465Z - "In flight"
2023-11-18T20:19:00.697Z - "Main engine cut-off"
2023-11-18T20:19:01.396Z - "Main engine cut-off"
2023-11-18T20:19:01.432Z - "Main engine cut-off"
2023-11-18T20:19:01.812Z - "In flight"
2023-11-18T20:19:02.052Z - "Main engine cut-off"
2023-11-18T20:19:02.271Z - "Main engine cut-off"
2023-11-18T20:19:02.789Z - "Main engine cut-off"
2023-11-18T20:19:02.858Z - "In flight"
2023-11-18T20:19:03.665Z - "Main engine cut-off"
2023-11-18T20:19:03.783Z - "In flight"
2023-11-18T20:19:03.817Z - "Main engine cut-off"
2023-11-18T20:19:04.599Z - "Main engine cut-off"
2023-11-18T20:19:04.714Z - "Main engine cut-off"
2023-11-18T20:19:04.781Z - "In flight"
2023-11-18T20:19:05.592Z - "Main engine cut-off"
2023-11-18T20:19:05.663Z - "Main engine cut-off"
2023-11-18T20:19:05.795Z - "In flight"
2023-11-18T20:19:06.608Z - "Main engine cut-off"
2023-11-18T20:19:06.688Z - "Main engine cut-off"
2023-11-18T20:19:06.830Z - "In flight"
2023-11-18T20:19:07.691Z - "Main engine cut-off"
2023-11-18T20:19:07.750Z - "Main engine cut-off"
2023-11-18T20:19:07.784Z - "In flight"
2023-11-18T20:19:08.721Z - "In flight"
2023-11-18T20:19:08.741Z - "Main engine cut-off"
2023-11-18T20:19:09.362Z - "Main engine cut-off"
2023-11-18T20:19:09.596Z - "Main engine cut-off"
2023-11-18T20:19:09.678Z - "Main engine cut-off"
2023-11-18T20:19:09.859Z - "In flight"
2023-11-18T20:19:10.450Z - "Main engine cut-off"
2023-11-18T20:19:10.479Z - "Main engine cut-off"
2023-11-18T20:19:10.728Z - "In flight"
2023-11-18T20:19:11.378Z - "Main engine cut-off"
2023-11-18T20:19:11.683Z - "Main engine cut-off"
2023-11-18T20:19:11.759Z - "In flight"
2023-11-18T20:19:12.498Z - "Main engine cut-off"
2023-11-18T20:19:12.641Z - "Main engine cut-off"
2023-11-18T20:19:12.775Z - "In flight"
2023-11-18T20:19:13.498Z - "Main engine cut-off"
2023-11-18T20:19:13.747Z - "Main engine cut-off"
2023-11-18T20:19:13.756Z - "In flight"
2023-11-18T20:19:14.767Z - "In flight"
2023-11-18T20:19:14.801Z - "Main engine cut-off"
2023-11-18T20:19:15.407Z - "Main engine cut-off"
2023-11-18T20:19:15.458Z - "Main engine cut-off"
2023-11-18T20:19:15.766Z - "In flight"
2023-11-18T20:19:16.312Z - "Main engine cut-off"
2023-11-18T20:19:16.324Z - "Main engine cut-off"
2023-11-18T20:19:16.739Z - "In flight"
2023-11-18T20:19:17.034Z - "Main engine cut-off"
2023-11-18T20:19:17.678Z - "Main engine cut-off"
2023-11-18T20:19:17.881Z - "In flight"
2023-11-18T20:19:18.065Z - "Main engine cut-off"
2023-11-18T20:19:18.543Z - "Main engine cut-off"
2023-11-18T20:19:18.772Z - "In flight"
2023-11-18T20:19:18.849Z - "Main engine cut-off"
2023-11-18T20:19:19.452Z - "Main engine cut-off"
2023-11-18T20:19:19.785Z - "In flight"
2023-11-18T20:19:20.380Z - "Main engine cut-off"
2023-11-18T20:19:20.703Z - "Main engine cut-off"
2023-11-18T20:19:20.735Z - "In flight"
2023-11-18T20:19:21.317Z - "Main engine cut-off"
2023-11-18T20:19:21.614Z - "Main engine cut-off"
2023-11-18T20:19:21.685Z - "Main engine cut-off"
2023-11-18T20:19:21.828Z - "In flight"
2023-11-18T20:19:22.620Z - "Main engine cut-off"
2023-11-18T20:19:22.853Z - "Main engine cut-off"
2023-11-18T20:19:23.423Z - "In flight"
2023-11-18T20:19:23.751Z - "Main engine cut-off"
2023-11-18T20:19:24.086Z - "Main engine cut-off"
2023-11-18T20:19:24.223Z - "In flight"
2023-11-18T20:19:24.752Z - "In flight"
2023-11-18T20:19:24.942Z - "Main engine cut-off"
2023-11-18T20:19:25.063Z - "Main engine cut-off"
2023-11-18T20:19:25.699Z - "Main engine cut-off"
2023-11-18T20:19:25.736Z - "Main engine cut-off"
2023-11-18T20:19:25.833Z - "In flight"
2023-11-18T20:19:26.556Z - "In flight"
2023-11-18T20:19:26.709Z - "Main engine cut-off"
2023-11-18T20:19:26.791Z - "Main engine cut-off"
2023-11-18T20:19:27.221Z - "Main engine cut-off"
2023-11-18T20:19:27.481Z - "Main engine cut-off"
2023-11-18T20:19:27.805Z - "Main engine cut-off"
2023-11-18T20:19:27.850Z - "In flight"
2023-11-18T20:19:28.407Z - "Main engine cut-off"
2023-11-18T20:19:28.713Z - "In flight"
2023-11-18T20:19:28.778Z - "Main engine cut-off"
2023-11-18T20:19:29.546Z - "Main engine cut-off"
2023-11-18T20:19:29.772Z - "Main engine cut-off"
2023-11-18T20:19:29.821Z - "In flight"
2023-11-18T20:19:30.504Z - "Main engine cut-off"
2023-11-18T20:19:30.742Z - "Main engine cut-off"
2023-11-18T20:19:30.821Z - "In flight"
2023-11-18T20:19:31.691Z - "Main engine cut-off"
2023-11-18T20:19:31.789Z - "In flight"
2023-11-18T20:19:31.876Z - "Main engine cut-off"
2023-11-18T20:19:32.460Z - "In flight"
2023-11-18T20:19:32.718Z - "Main engine cut-off"
2023-11-18T20:19:33.346Z - "Main engine cut-off"
2023-11-18T20:21:39.134Z - "Startup"
2023-11-18T20:21:39.142Z - "Rocket preparation"
2023-11-18T20:21:39.194Z - "Rocket on internal power"
2023-11-18T20:21:42.136Z - "Main engine start"
2023-11-18T20:21:42.233Z - "Liftoff"
2023-11-18T20:21:43.179Z - "In flight"
2023-11-18T20:21:44.205Z - "In flight"
2023-11-18T20:21:45.213Z - "In flight"
2023-11-18T20:21:46.203Z - "In flight"
2023-11-18T20:21:47.199Z - "In flight"
2023-11-18T20:21:48.226Z - "In flight"
2023-11-18T20:21:49.204Z - "In flight"
2023-11-18T20:21:50.172Z - "In flight"
2023-11-18T20:21:51.210Z - "In flight"
2023-11-18T20:21:52.245Z - "In flight"
2023-11-18T20:21:53.257Z - "In flight"
2023-11-18T20:21:54.334Z - "In flight"
2023-11-18T20:21:55.234Z - "In flight"
2023-11-18T20:21:56.234Z - "In flight"
2023-11-18T20:21:57.214Z - "In flight"
2023-11-18T20:21:58.244Z - "In flight"
2023-11-18T20:21:59.204Z - "In flight"
2023-11-18T20:22:00.271Z - "In flight"
2023-11-18T20:22:01.272Z - "In flight"
2023-11-18T20:22:02.328Z - "In flight"
2023-11-18T20:22:03.264Z - "In flight"
2023-11-18T20:22:04.242Z - "In flight"
2023-11-18T20:22:05.205Z - "In flight"
2023-11-18T20:22:06.225Z - "In flight"
2023-11-18T20:22:07.207Z - "In flight"
2023-11-18T20:22:08.201Z - "In flight"
2023-11-18T20:22:09.294Z - "In flight"
2023-11-18T20:22:10.235Z - "In flight"
2023-11-18T20:22:11.137Z - "In flight"
2023-11-18T20:22:11.861Z - "In flight"
2023-11-18T20:22:12.219Z - "In flight"
2023-11-18T20:22:13.183Z - "In flight"
2023-11-18T20:22:14.242Z - "In flight"
2023-11-18T20:22:15.180Z - "In flight"
2023-11-18T20:22:16.156Z - "In flight"
2023-11-18T20:22:17.164Z - "In flight"
2023-11-18T20:22:18.284Z - "In flight"
2023-11-18T20:22:19.195Z - "In flight"
2023-11-18T20:22:20.180Z - "In flight"
2023-11-18T20:22:21.222Z - "In flight"
2023-11-18T20:22:22.237Z - "In flight"
2023-11-18T20:22:23.180Z - "In flight"
2023-11-18T20:22:24.247Z - "In flight"
2023-11-18T20:22:25.219Z - "In flight"
2023-11-18T20:22:26.225Z - "In flight"
2023-11-18T20:22:27.251Z - "In flight"
2023-11-18T20:22:28.231Z - "In flight"
2023-11-18T20:22:29.171Z - "In flight"
2023-11-18T20:22:30.209Z - "In flight"
2023-11-18T20:22:31.264Z - "In flight"
2023-11-18T20:22:32.167Z - "In flight"
2023-11-18T20:22:33.282Z - "In flight"
2023-11-18T20:22:34.244Z - "In flight"
2023-11-18T20:22:35.258Z - "In flight"
2023-11-18T20:22:36.250Z - "In flight"
2023-11-18T20:22:37.271Z - "In flight"
2023-11-18T20:22:38.209Z - "In flight"
2023-11-18T20:22:39.253Z - "In flight"
2023-11-18T20:22:40.242Z - "In flight"
2023-11-18T20:22:41.325Z - "In flight"
2023-11-18T20:22:42.278Z - "In flight"
2023-11-18T20:22:43.205Z - "In flight"
2023-11-18T20:22:44.224Z - "In flight"
2023-11-18T20:22:45.215Z - "In flight"
2023-11-18T20:22:46.172Z - "In flight"
2023-11-18T20:22:47.143Z - "Main engine cut-off"
2023-11-18T20:22:47.273Z - "In flight"
2023-11-18T20:22:48.032Z - "Main engine cut-off"
2023-11-18T20:22:48.214Z - "Main engine cut-off"
2023-11-18T20:22:49.109Z - "Main engine cut-off"
2023-11-18T20:22:50.717Z - "In flight"
2023-11-18T20:22:51.666Z - "Main engine cut-off"
2023-11-18T20:22:51.808Z - "In flight"
2023-11-18T20:22:52.545Z - "Main engine cut-off"
2023-11-18T20:22:52.732Z - "Main engine cut-off"
2023-11-18T20:22:53.334Z - "In flight"
2023-11-18T20:22:53.361Z - "Main engine cut-off"
2023-11-18T20:22:53.748Z - "In flight"
2023-11-18T20:22:54.239Z - "Main engine cut-off"
2023-11-18T20:22:54.697Z - "In flight"
2023-11-18T20:22:54.735Z - "Main engine cut-off"
2023-11-18T20:22:55.173Z - "Main engine cut-off"
2023-11-18T20:22:55.324Z - "Main engine cut-off"
2023-11-18T20:22:55.670Z - "Main engine cut-off"
2023-11-18T20:22:55.792Z - "In flight"
2023-11-18T20:22:56.296Z - "Main engine cut-off"
2023-11-18T20:22:56.417Z - "Main engine cut-off"
2023-11-18T20:22:56.671Z - "Main engine cut-off"
2023-11-18T20:22:56.796Z - "In flight"
2023-11-18T20:22:57.622Z - "Main engine cut-off"
2023-11-18T20:22:57.675Z - "Main engine cut-off"
2023-11-18T20:22:57.765Z - "In flight"
2023-11-18T20:22:58.545Z - "Main engine cut-off"
2023-11-18T20:22:58.671Z - "Main engine cut-off"
2023-11-18T20:22:58.690Z - "In flight"
2023-11-18T20:22:59.594Z - "Main engine cut-off"
2023-11-18T20:22:59.606Z - "Main engine cut-off"
2023-11-18T20:22:59.770Z - "In flight"
2023-11-18T20:23:00.507Z - "Main engine cut-off"
2023-11-18T20:23:00.717Z - "Main engine cut-off"
2023-11-18T20:23:00.802Z - "In flight"
2023-11-18T20:23:01.696Z - "Main engine cut-off"
2023-11-18T20:23:01.743Z - "In flight"
2023-11-18T20:23:01.757Z - "Main engine cut-off"
2023-11-18T20:23:02.387Z - "Main engine cut-off"
2023-11-18T20:23:02.594Z - "Main engine cut-off"
2023-11-18T20:23:02.862Z - "In flight"
2023-11-18T20:23:03.444Z - "Main engine cut-off"
2023-11-18T20:23:03.492Z - "In flight"
2023-11-18T20:23:04.165Z - "Main engine cut-off"
2023-11-18T20:23:04.306Z - "Main engine cut-off"
2023-11-18T20:23:04.473Z - "Main engine cut-off"
2023-11-18T20:23:04.768Z - "In flight"
2023-11-18T20:23:05.128Z - "Main engine cut-off"
2023-11-18T20:23:05.299Z - "Main engine cut-off"
2023-11-18T20:23:05.759Z - "Main engine cut-off"
2023-11-18T20:23:05.811Z - "In flight"
2023-11-18T20:23:06.425Z - "In flight"
2023-11-18T20:23:06.595Z - "Main engine cut-off"
2023-11-18T20:23:07.301Z - "Main engine cut-off"
2023-11-18T20:23:07.453Z - "Main engine cut-off"
2023-11-18T20:23:07.752Z - "In flight"
2023-11-18T20:23:08.358Z - "Main engine cut-off"
2023-11-18T20:23:08.430Z - "Main engine cut-off"
2023-11-18T20:23:08.693Z - "Main engine cut-off"
2023-11-18T20:23:08.798Z - "In flight"
2023-11-18T20:23:09.630Z - "Main engine cut-off"
2023-11-18T20:23:09.690Z - "Main engine cut-off"
2023-11-18T20:23:09.741Z - "In flight"
2023-11-18T20:23:10.718Z - "Main engine cut-off"
2023-11-18T20:23:10.776Z - "Main engine cut-off"
2023-11-18T20:23:10.840Z - "In flight"
2023-11-18T20:27:38.973Z - "Rocket on internal power"
2023-11-18T20:27:39.594Z - "Startup"
2023-11-18T20:27:39.625Z - "Rocket preparation"
2023-11-18T20:27:42.295Z - "Liftoff"
2023-11-18T20:27:43.303Z - "Main engine start"
2023-11-18T20:27:43.555Z - "In flight"
2023-11-18T20:27:44.515Z - "In flight"
2023-11-18T20:27:45.653Z - "In flight"
2023-11-18T20:27:46.519Z - "In flight"
2023-11-18T20:27:47.599Z - "In flight"
2023-11-18T20:27:48.608Z - "In flight"
2023-11-18T20:27:49.591Z - "In flight"
2023-11-18T20:27:50.644Z - "In flight"
2023-11-18T20:27:51.582Z - "In flight"
2023-11-18T20:27:52.621Z - "In flight"
2023-11-18T20:27:53.594Z - "In flight"
2023-11-18T20:27:54.625Z - "In flight"
2023-11-18T20:27:55.668Z - "In flight"
2023-11-18T20:27:56.689Z - "In flight"
2023-11-18T20:27:57.621Z - "In flight"
2023-11-18T20:27:58.633Z - "In flight"
2023-11-18T20:27:59.627Z - "In flight"
2023-11-18T20:28:00.719Z - "In flight"
2023-11-18T20:28:01.594Z - "In flight"
2023-11-18T20:28:02.632Z - "In flight"
2023-11-18T20:28:03.688Z - "In flight"
2023-11-18T20:28:04.607Z - "In flight"
2023-11-18T20:28:05.603Z - "In flight"
2023-11-18T20:28:06.648Z - "In flight"
2023-11-18T20:28:07.599Z - "In flight"
2023-11-18T20:28:08.624Z - "In flight"
2023-11-18T20:28:09.589Z - "In flight"
2023-11-18T20:28:10.705Z - "In flight"
2023-11-18T20:28:11.653Z - "In flight"
2023-11-18T20:28:12.666Z - "In flight"
2023-11-18T20:28:13.717Z - "In flight"
2023-11-18T20:28:14.722Z - "In flight"
2023-11-18T20:28:15.682Z - "In flight"
2023-11-18T20:28:16.303Z - "In flight"
2023-11-18T20:28:17.680Z - "In flight"
2023-11-18T20:28:18.665Z - "In flight"
2023-11-18T20:28:19.629Z - "In flight"
2023-11-18T20:28:20.662Z - "In flight"
2023-11-18T20:28:21.716Z - "In flight"
2023-11-18T20:28:22.613Z - "In flight"
2023-11-18T20:28:23.714Z - "In flight"
2023-11-18T20:28:24.631Z - "In flight"
2023-11-18T20:28:25.639Z - "In flight"
2023-11-18T20:28:26.744Z - "In flight"
2023-11-18T20:28:27.729Z - "In flight"
2023-11-18T20:28:28.641Z - "In flight"
2023-11-18T20:28:29.674Z - "In flight"
2023-11-18T20:28:30.626Z - "In flight"
2023-11-18T20:28:31.647Z - "In flight"
2023-11-18T20:28:32.669Z - "In flight"
2023-11-18T20:28:33.673Z - "In flight"
2023-11-18T20:28:34.676Z - "In flight"
2023-11-18T20:28:35.666Z - "In flight"
2023-11-18T20:28:36.620Z - "In flight"
2023-11-18T20:28:37.362Z - "In flight"
2023-11-18T20:28:37.615Z - "In flight"
2023-11-18T20:28:38.748Z - "In flight"
2023-11-18T20:28:39.669Z - "In flight"
2023-11-18T20:28:40.680Z - "In flight"
2023-11-18T20:28:41.676Z - "In flight"
2023-11-18T20:28:42.668Z - "In flight"
2023-11-18T20:28:43.614Z - "In flight"
2023-11-18T20:28:44.659Z - "In flight"
2023-11-18T20:28:45.747Z - "In flight"
2023-11-18T20:28:46.764Z - "In flight"
2023-11-18T20:28:47.354Z - "In flight"
2023-11-18T20:28:47.414Z - "Main engine cut-off"
2023-11-18T20:28:47.774Z - "Main engine cut-off"
2023-11-18T20:28:47.986Z - "Main engine cut-off"
2023-11-18T20:28:49.184Z - "Stage separation"
2023-11-18T20:28:49.214Z - "Stage separation"
2023-11-18T20:28:51.044Z - "In flight"
2023-11-18T20:28:51.975Z - "Main engine cut-off"
2023-11-18T20:28:52.086Z - "In flight"
2023-11-18T20:28:52.802Z - "In flight"
2023-11-18T20:28:53.022Z - "Main engine cut-off"
2023-11-18T20:28:53.150Z - "Stage separation"
2023-11-18T20:28:54.114Z - "In flight"
2023-11-18T20:28:54.395Z - "Stage separation"
2023-11-18T20:28:54.993Z - "In flight"
2023-11-18T20:28:56.100Z - "In flight"
2023-11-18T20:28:57.022Z - "In flight"
2023-11-18T20:28:58.136Z - "In flight"
2023-11-18T20:28:58.997Z - "In flight"
2023-11-18T20:29:00.065Z - "In flight"
2023-11-18T20:29:01.051Z - "In flight"
2023-11-18T20:29:02.017Z - "In flight"
2023-11-18T20:29:03.048Z - "In flight"
2023-11-18T20:29:04.030Z - "In flight"
2023-11-18T20:29:05.027Z - "In flight"
2023-11-18T20:29:06.122Z - "In flight"
2023-11-18T20:29:07.109Z - "In flight"
2023-11-18T20:29:08.005Z - "In flight"
2023-11-18T20:29:08.989Z - "In flight"
2023-11-18T20:29:10.069Z - "In flight"
2023-11-18T20:29:11.018Z - "In flight"
2023-11-18T20:29:12.038Z - "In flight"
2023-11-18T20:29:13.029Z - "In flight"
2023-11-18T20:29:14.034Z - "In flight"
2023-11-18T20:29:15.036Z - "In flight"
2023-11-18T20:29:16.042Z - "In flight"
2023-11-18T20:29:16.980Z - "In flight"
2023-11-18T20:29:18.007Z - "In flight"
2023-11-18T20:29:19.141Z - "In flight"
2023-11-18T20:29:20.084Z - "In flight"
2023-11-18T20:29:21.009Z - "In flight"
2023-11-18T20:29:22.157Z - "In flight"
2023-11-18T20:29:22.962Z - "In flight"
2023-11-18T20:29:24.064Z - "In flight"
2023-11-18T20:29:25.136Z - "In flight"
2023-11-18T20:29:26.087Z - "In flight"
2023-11-18T20:29:27.152Z - "In flight"
2023-11-18T20:29:27.996Z - "In flight"
2023-11-18T20:29:29.117Z - "In flight"
2023-11-18T20:29:30.141Z - "In flight"
2023-11-18T20:29:31.094Z - "In flight"
2023-11-18T20:29:32.007Z - "In flight"
2023-11-18T20:29:33.171Z - "In flight"
2023-11-18T20:29:34.070Z - "In flight"
2023-11-18T20:29:35.004Z - "In flight"
2023-11-18T20:29:36.079Z - "In flight"
2023-11-18T20:29:37.008Z - "In flight"
2023-11-18T20:29:38.066Z - "In flight"
2023-11-18T20:29:39.098Z - "In flight"
2023-11-18T20:29:40.098Z - "In flight"
2023-11-18T20:29:41.177Z - "In flight"
2023-11-18T20:29:42.133Z - "In flight"
2023-11-18T20:29:43.147Z - "In flight"
2023-11-18T20:29:44.038Z - "In flight"
2023-11-18T20:29:45.072Z - "In flight"
2023-11-18T20:29:46.100Z - "In flight"
2023-11-18T20:29:47.103Z - "In flight"
2023-11-18T20:29:48.071Z - "In flight"
2023-11-18T20:29:49.126Z - "In flight"
2023-11-18T20:29:50.125Z - "In flight"
2023-11-18T20:29:51.066Z - "In flight"
2023-11-18T20:29:52.035Z - "In flight"
2023-11-18T20:29:52.973Z - "In flight"
2023-11-18T20:29:54.050Z - "In flight"
2023-11-18T20:29:55.115Z - "In flight"
2023-11-18T20:29:56.049Z - "In flight"
2023-11-18T20:29:57.100Z - "In flight"
2023-11-18T20:29:58.023Z - "In flight"
2023-11-18T20:29:59.063Z - "In flight"
2023-11-18T20:30:00.052Z - "In flight"
2023-11-18T20:30:01.134Z - "In flight"
2023-11-18T20:30:02.184Z - "In flight"
2023-11-18T20:30:03.128Z - "In flight"
2023-11-18T20:30:04.085Z - "In flight"
2023-11-18T20:30:05.141Z - "In flight"
2023-11-18T20:30:06.109Z - "In flight"
2023-11-18T20:30:07.099Z - "In flight"
2023-11-18T20:30:08.093Z - "In flight"
2023-11-18T20:30:09.099Z - "In flight"
2023-11-18T20:30:10.130Z - "In flight"
2023-11-18T20:30:11.032Z - "In flight"
2023-11-18T20:30:12.121Z - "In flight"
2023-11-18T20:30:13.107Z - "In flight"
2023-11-18T20:30:14.116Z - "In flight"
2023-11-18T20:30:15.075Z - "In flight"
2023-11-18T20:30:16.172Z - "In flight"
2023-11-18T20:30:17.200Z - "In flight"
2023-11-18T20:30:18.108Z - "In flight"
2023-11-18T20:30:19.184Z - "In flight"
2023-11-18T20:30:20.173Z - "In flight"
2023-11-18T20:30:21.204Z - "In flight"
2023-11-18T20:30:22.117Z - "In flight"
2023-11-18T20:30:23.127Z - "In flight"
2023-11-18T20:30:23.979Z - "Main engine cut-off"
2023-11-18T20:30:24.177Z - "In flight"
2023-11-18T20:30:25.015Z - "Main engine cut-off"
2023-11-18T20:30:25.142Z - "In flight"
2023-11-18T20:30:25.340Z - "Stage separation"
2023-11-18T20:30:26.078Z - "Main engine cut-off"
2023-11-18T20:30:26.121Z - "In flight"
2023-11-18T20:30:26.190Z - "Stage separation"
2023-11-18T20:30:26.994Z - "Main engine cut-off"
2023-11-18T20:30:27.125Z - "In flight"
2023-11-18T20:30:27.301Z - "Stage separation"
2023-11-18T20:30:28.093Z - "In flight"
2023-11-18T20:30:28.136Z - "Main engine cut-off"
2023-11-18T20:30:28.305Z - "Stage separation"
2023-11-18T20:30:28.967Z - "Main engine cut-off"
2023-11-18T20:30:29.119Z - "In flight"
2023-11-18T20:30:29.131Z - "Stage separation"
2023-11-18T20:30:29.991Z - "Main engine cut-off"
2023-11-18T20:30:30.137Z - "Stage separation"
2023-11-18T20:30:30.158Z - "In flight"
2023-11-18T20:30:30.990Z - "Main engine cut-off"
2023-11-18T20:30:31.161Z - "In flight"
2023-11-18T20:30:31.281Z - "Stage separation"
2023-11-18T20:30:32.015Z - "Main engine cut-off"
2023-11-18T20:30:32.149Z - "Stage separation"
2023-11-18T20:30:32.169Z - "In flight"
2023-11-18T20:30:33.043Z - "Main engine cut-off"
2023-11-18T20:30:33.083Z - "In flight"
2023-11-18T20:30:33.306Z - "Stage separation"
2023-11-18T20:30:34.106Z - "Main engine cut-off"
2023-11-18T20:30:34.143Z - "In flight"
2023-11-18T20:30:34.355Z - "Stage separation"
2023-11-18T20:30:34.673Z - "Main engine cut-off"
2023-11-18T20:30:35.198Z - "In flight"
2023-11-18T20:30:35.398Z - "Stage separation"
2023-11-18T20:30:35.817Z - "Stage separation"
2023-11-18T20:30:36.097Z - "Main engine cut-off"
2023-11-18T20:30:36.124Z - "In flight"
2023-11-18T20:30:37.117Z - "Main engine cut-off"
2023-11-18T20:30:37.179Z - "In flight"
2023-11-18T20:30:37.338Z - "Stage separation"
2023-11-18T20:30:38.029Z - "In flight"
2023-11-18T20:30:38.039Z - "Stage separation"
2023-11-18T20:30:38.154Z - "Main engine cut-off"
2023-11-18T20:30:38.995Z - "Main engine cut-off"
2023-11-18T20:30:39.185Z - "In flight"
2023-11-18T20:30:39.359Z - "Stage separation"
2023-11-18T20:30:40.120Z - "Main engine cut-off"
2023-11-18T20:30:40.212Z - "Stage separation"
2023-11-18T20:30:40.218Z - "In flight"
2023-11-18T20:30:41.121Z - "In flight"
2023-11-18T20:30:41.125Z - "Main engine cut-off"
2023-11-18T20:30:41.327Z - "Stage separation"
2023-11-18T20:30:42.044Z - "Main engine cut-off"
2023-11-18T20:30:42.092Z - "Stage separation"
2023-11-18T20:30:42.191Z - "In flight"
2023-11-18T20:30:42.872Z - "In flight"
2023-11-18T20:30:43.047Z - "Main engine cut-off"
2023-11-18T20:30:43.279Z - "Stage separation"
2023-11-18T20:30:43.766Z - "Main engine cut-off"
2023-11-18T20:30:44.094Z - "In flight"
2023-11-18T20:30:44.704Z - "Main engine cut-off"
2023-11-18T20:30:44.740Z - "Stage separation"
2023-11-18T20:30:45.178Z - "In flight"
2023-11-18T20:30:45.880Z - "In flight"
2023-11-18T20:30:45.965Z - "Stage separation"
2023-11-18T20:30:46.052Z - "Main engine cut-off"
2023-11-18T20:30:46.865Z - "Main engine cut-off"
2023-11-18T20:30:47.042Z - "In flight"
2023-11-18T20:30:47.287Z - "Stage separation"
2023-11-18T20:30:47.990Z - "Main engine cut-off"
2023-11-18T20:30:48.157Z - "In flight"
2023-11-18T20:30:48.172Z - "Stage separation"
2023-11-18T20:30:48.685Z - "Stage separation"
2023-11-18T20:30:49.036Z - "Main engine cut-off"
2023-11-18T20:30:49.080Z - "In flight"
2023-11-18T20:30:49.131Z - "Stage separation"
2023-11-18T20:30:50.007Z - "Main engine cut-off"
2023-11-18T20:30:50.122Z - "Stage separation"
2023-11-18T20:30:50.147Z - "In flight"
2023-11-18T20:30:50.862Z - "In flight"
2023-11-18T20:30:51.162Z - "Stage separation"
2023-11-18T20:30:51.801Z - "Main engine cut-off"
2023-11-18T20:30:52.077Z - "Main engine cut-off"
2023-11-18T20:30:52.182Z - "In flight"
2023-11-18T20:30:52.961Z - "Stage separation"
2023-11-18T20:30:53.023Z - "Stage separation"
2023-11-18T20:30:53.061Z - "Main engine cut-off"
2023-11-18T20:30:53.120Z - "In flight"
2023-11-18T20:30:53.663Z - "Main engine cut-off"
2023-11-18T20:30:54.222Z - "In flight"
2023-11-18T20:30:54.266Z - "Stage separation"
2023-11-18T20:30:54.862Z - "Stage separation"
2023-11-18T20:30:55.079Z - "In flight"
2023-11-18T20:30:55.167Z - "Main engine cut-off"
2023-11-18T20:30:56.099Z - "Main engine cut-off"
2023-11-18T20:30:56.117Z - "In flight"
2023-11-18T20:30:56.876Z - "Stage separation"
2023-11-18T20:30:57.023Z - "Stage separation"
2023-11-18T20:30:57.065Z - "In flight"
2023-11-18T20:30:57.114Z - "Main engine cut-off"
2023-11-18T20:30:57.971Z - "Main engine cut-off"
2023-11-18T20:30:58.169Z - "In flight"
2023-11-18T20:30:58.348Z - "Stage separation"
2023-11-18T20:30:59.072Z - "Main engine cut-off"
2023-11-18T20:30:59.161Z - "In flight"
2023-11-18T20:30:59.225Z - "Stage separation"
2023-11-18T20:31:00.008Z - "Main engine cut-off"
2023-11-18T20:31:00.075Z - "In flight"
2023-11-18T20:31:00.341Z - "Stage separation"
2023-11-18T20:31:00.712Z - "Main engine cut-off"
2023-11-18T20:31:01.176Z - "In flight"
2023-11-18T20:31:01.252Z - "Stage separation"
2023-11-18T20:31:01.877Z - "Stage separation"
2023-11-18T20:31:02.039Z - "Main engine cut-off"
2023-11-18T20:31:02.157Z - "In flight"
2023-11-18T20:31:03.050Z - "Main engine cut-off"
2023-11-18T20:31:03.090Z - "In flight"
2023-11-18T20:31:03.278Z - "Stage separation"
2023-11-18T20:31:04.069Z - "Main engine cut-off"
2023-11-18T20:31:04.135Z - "In flight"
2023-11-18T20:31:04.278Z - "Stage separation"
2023-11-18T20:31:04.871Z - "In flight"
2023-11-18T20:31:05.181Z - "Main engine cut-off"
2023-11-18T20:31:05.283Z - "Stage separation"
2023-11-18T20:31:05.881Z - "Main engine cut-off"
2023-11-18T20:31:06.070Z - "In flight"
2023-11-18T20:31:06.482Z - "Stage separation"
2023-11-18T20:31:06.979Z - "Main engine cut-off"
2023-11-18T20:31:07.096Z - "In flight"
2023-11-18T20:31:07.143Z - "Stage separation"
2023-11-18T20:31:08.096Z - "Main engine cut-off"
2023-11-18T20:31:08.291Z - "Stage separation"
2023-11-18T20:31:08.646Z - "In flight"
2023-11-18T20:31:09.156Z - "In flight"
2023-11-18T20:31:09.295Z - "Stage separation"
2023-11-18T20:31:09.616Z - "Main engine cut-off"
2023-11-18T20:31:10.089Z - "Main engine cut-off"
2023-11-18T20:31:10.123Z - "In flight"
2023-11-18T20:31:10.687Z - "Stage separation"
2023-11-18T20:31:11.113Z - "In flight"
2023-11-18T20:31:11.299Z - "Stage separation"
2023-11-18T20:31:11.378Z - "Main engine cut-off"
2023-11-18T20:31:12.040Z - "Main engine cut-off"
2023-11-18T20:31:12.059Z - "In flight"
2023-11-18T20:31:12.317Z - "Stage separation"
2023-11-18T20:31:12.926Z - "Main engine cut-off"
2023-11-18T20:31:13.186Z - "In flight"
2023-11-18T20:31:13.253Z - "Stage separation"
2023-11-18T20:31:14.094Z - "In flight"
2023-11-18T20:31:14.128Z - "Main engine cut-off"
2023-11-18T20:31:14.220Z - "Stage separation"
2023-11-18T20:31:15.026Z - "Main engine cut-off"
2023-11-18T20:31:15.141Z - "Stage separation"
2023-11-18T20:31:15.232Z - "In flight"
2023-11-18T20:31:15.833Z - "Main engine cut-off"
2023-11-18T20:31:16.196Z - "In flight"
2023-11-18T20:31:16.326Z - "Stage separation"
2023-11-18T20:31:16.953Z - "Stage separation"
2023-11-18T20:31:17.073Z - "In flight"
2023-11-18T20:31:17.194Z - "Main engine cut-off"
2023-11-18T20:31:17.841Z - "In flight"
2023-11-18T20:31:18.002Z - "Main engine cut-off"
2023-11-18T20:31:18.482Z - "Main engine cut-off"
2023-11-18T20:31:18.930Z - "Stage separation"
2023-11-18T20:31:19.114Z - "In flight"
2023-11-18T20:31:19.174Z - "Stage separation"
2023-11-18T20:31:19.780Z - "Stage separation"
2023-11-18T20:31:20.023Z - "Main engine cut-off"
2023-11-18T20:31:20.168Z - "In flight"
2023-11-18T20:31:21.036Z - "Main engine cut-off"
2023-11-18T20:31:21.213Z - "In flight"
2023-11-18T20:31:21.265Z - "Stage separation"
2023-11-18T20:31:21.873Z - "Main engine cut-off"
2023-11-18T20:31:22.050Z - "In flight"
2023-11-18T21:04:43.362Z - "Rocket on internal power"
2023-11-18T21:04:43.953Z - "Startup"
2023-11-18T21:04:43.985Z - "Rocket preparation"
2023-11-18T21:04:46.690Z - "Main engine start"
2023-11-18T21:04:46.960Z - "Main engine start"
2023-11-18T21:04:46.994Z - "Liftoff"
2023-11-18T21:04:47.988Z - "In flight"
2023-11-18T21:04:49.023Z - "In flight"
2023-11-18T21:04:49.958Z - "In flight"
2023-11-18T21:04:51.027Z - "In flight"
2023-11-18T21:04:52.026Z - "In flight"
2023-11-18T21:04:53.005Z - "In flight"
2023-11-18T21:04:53.992Z - "In flight"
2023-11-18T21:04:55.051Z - "In flight"
2023-11-18T21:04:56.047Z - "In flight"
2023-11-18T21:04:57.044Z - "In flight"
2023-11-18T21:04:58.080Z - "In flight"
2023-11-18T21:04:59.050Z - "In flight"
2023-11-18T21:05:00.035Z - "In flight"
2023-11-18T21:05:01.030Z - "In flight"
2023-11-18T21:05:02.022Z - "In flight"
2023-11-18T21:05:03.053Z - "In flight"
2023-11-18T21:05:03.983Z - "In flight"
2023-11-18T21:05:05.079Z - "In flight"
2023-11-18T21:05:06.094Z - "In flight"
2023-11-18T21:05:07.036Z - "In flight"
2023-11-18T21:05:08.028Z - "In flight"
2023-11-18T21:05:09.055Z - "In flight"
2023-11-18T21:05:10.122Z - "In flight"
2023-11-18T21:05:10.998Z - "In flight"
2023-11-18T21:05:12.082Z - "In flight"
2023-11-18T21:05:13.022Z - "In flight"
2023-11-18T21:05:14.069Z - "In flight"
2023-11-18T21:05:15.154Z - "In flight"
2023-11-18T21:05:16.037Z - "In flight"
2023-11-18T21:05:16.997Z - "In flight"
2023-11-18T21:05:18.099Z - "In flight"
2023-11-18T21:05:19.098Z - "In flight"
2023-11-18T21:05:20.070Z - "In flight"
2023-11-18T21:05:21.028Z - "In flight"
2023-11-18T21:05:22.088Z - "In flight"
2023-11-18T21:05:23.110Z - "In flight"
2023-11-18T21:05:24.028Z - "In flight"
2023-11-18T21:05:25.083Z - "In flight"
2023-11-18T21:05:26.029Z - "In flight"
2023-11-18T21:05:27.154Z - "In flight"
2023-11-18T21:05:28.165Z - "In flight"
2023-11-18T21:05:29.108Z - "In flight"
2023-11-18T21:05:30.033Z - "In flight"
2023-11-18T21:05:31.006Z - "In flight"
2023-11-18T21:05:32.049Z - "In flight"
2023-11-18T21:05:33.091Z - "In flight"
2023-11-18T21:05:34.182Z - "In flight"
2023-11-18T21:05:35.136Z - "In flight"
2023-11-18T21:05:36.043Z - "In flight"
2023-11-18T21:05:36.992Z - "In flight"
2023-11-18T21:05:38.028Z - "In flight"
2023-11-18T21:05:38.993Z - "In flight"
2023-11-18T21:05:40.050Z - "In flight"
2023-11-18T21:05:41.028Z - "In flight"
2023-11-18T21:05:42.121Z - "In flight"
2023-11-18T21:05:43.036Z - "In flight"
2023-11-18T21:05:44.083Z - "In flight"
2023-11-18T21:05:45.058Z - "In flight"
2023-11-18T21:05:46.030Z - "In flight"
2023-11-18T21:05:47.051Z - "In flight"
2023-11-18T21:05:48.025Z - "In flight"
2023-11-18T21:05:49.123Z - "In flight"
2023-11-18T21:05:50.034Z - "In flight"
2023-11-18T21:05:51.074Z - "Main engine cut-off"
2023-11-18T21:05:51.686Z - "Stage separation"
2023-11-18T21:05:51.935Z - "In flight"
2023-11-18T21:23:23.148Z - "Rocket preparation"
2023-11-18T21:23:23.419Z - "Startup"
2023-11-18T21:23:24.480Z - "Rocket on internal power"
2023-11-18T21:23:26.163Z - "Main engine start"
2023-11-18T21:23:26.181Z - "Liftoff"
2023-11-18T21:23:26.552Z - "Main engine start"
2023-11-18T21:23:27.597Z - "In flight"
2023-11-18T21:23:28.504Z - "In flight"
2023-11-18T21:23:29.489Z - "In flight"
2023-11-18T21:23:30.500Z - "In flight"
2023-11-18T21:23:31.438Z - "In flight"
2023-11-18T21:23:32.484Z - "In flight"
2023-11-18T21:23:33.473Z - "In flight"
2023-11-18T21:23:34.487Z - "In flight"
2023-11-18T21:23:35.495Z - "In flight"
2023-11-18T21:23:36.492Z - "In flight"
2023-11-18T21:23:37.576Z - "In flight"
2023-11-18T21:23:38.496Z - "In flight"
2023-11-18T21:23:39.492Z - "In flight"
2023-11-18T21:23:40.423Z - "In flight"
2023-11-18T21:23:41.461Z - "In flight"
2023-11-18T21:23:42.497Z - "In flight"
2023-11-18T21:23:43.490Z - "In flight"
2023-11-18T21:23:44.572Z - "In flight"
2023-11-18T21:23:45.458Z - "In flight"
2023-11-18T21:23:46.552Z - "In flight"
2023-11-18T21:23:47.535Z - "In flight"
2023-11-18T21:23:48.541Z - "In flight"
2023-11-18T21:23:49.450Z - "In flight"
2023-11-18T21:23:50.523Z - "In flight"
2023-11-18T21:23:51.499Z - "In flight"
2023-11-18T21:23:52.490Z - "In flight"
2023-11-18T21:23:53.506Z - "In flight"
2023-11-18T21:23:54.501Z - "In flight"
2023-11-18T21:23:55.519Z - "In flight"
2023-11-18T21:23:56.509Z - "In flight"
2023-11-18T21:23:57.452Z - "In flight"
2023-11-18T21:23:58.608Z - "In flight"
2023-11-18T21:23:59.501Z - "In flight"
2023-11-18T21:24:00.506Z - "In flight"
2023-11-18T21:24:01.580Z - "In flight"
2023-11-18T21:24:02.492Z - "In flight"
2023-11-18T21:24:03.473Z - "In flight"
2023-11-18T21:24:04.508Z - "In flight"
2023-11-18T21:24:05.432Z - "In flight"
2023-11-18T21:24:06.432Z - "In flight"
2023-11-18T21:24:07.546Z - "In flight"
2023-11-18T21:24:08.412Z - "In flight"
2023-11-18T21:24:09.427Z - "In flight"
2023-11-18T21:24:10.486Z - "In flight"
2023-11-18T21:24:11.535Z - "In flight"
2023-11-18T21:24:12.495Z - "In flight"
2023-11-18T21:24:13.558Z - "In flight"
2023-11-18T21:24:14.501Z - "In flight"
2023-11-18T21:24:15.494Z - "In flight"
2023-11-18T21:24:16.617Z - "In flight"
2023-11-18T21:24:17.508Z - "In flight"
2023-11-18T21:24:18.442Z - "In flight"
2023-11-18T21:24:19.533Z - "In flight"
2023-11-18T21:24:20.477Z - "In flight"
2023-11-18T21:24:21.451Z - "In flight"
2023-11-18T21:24:22.461Z - "In flight"
2023-11-18T21:24:23.532Z - "In flight"
2023-11-18T21:24:24.493Z - "In flight"
2023-11-18T21:24:25.562Z - "In flight"
2023-11-18T21:24:26.569Z - "In flight"
2023-11-18T21:24:27.476Z - "In flight"
2023-11-18T21:24:28.562Z - "In flight"
2023-11-18T21:24:29.540Z - "In flight"
2023-11-18T21:24:30.491Z - "In flight"
2023-11-18T21:24:30.604Z - "Main engine cut-off"
2023-11-18T21:24:31.450Z - "Stage separation"
2023-11-18T21:24:32.043Z - "Main engine cut-off"
2023-11-18T21:24:32.812Z - "Second engine start"
2023-11-18T21:24:33.077Z - "Stage separation"
